TN:
SF:src/config/app.js
FN:14,(anonymous_0)
FN:21,(anonymous_1)
FN:41,(anonymous_2)
FN:43,(anonymous_3)
FN:45,(anonymous_4)
FN:52,(anonymous_5)
FN:74,(anonymous_6)
FN:83,(anonymous_7)
FN:91,(anonymous_8)
FN:95,(anonymous_9)
FN:97,(anonymous_10)
FNF:11
FNH:0
FNDA:0,(anonymous_0)
FNDA:0,(anonymous_1)
FNDA:0,(anonymous_2)
FNDA:0,(anonymous_3)
FNDA:0,(anonymous_4)
FNDA:0,(anonymous_5)
FNDA:0,(anonymous_6)
FNDA:0,(anonymous_7)
FNDA:0,(anonymous_8)
FNDA:0,(anonymous_9)
FNDA:0,(anonymous_10)
DA:1,2
DA:2,2
DA:3,2
DA:4,2
DA:5,2
DA:8,2
DA:9,2
DA:10,2
DA:11,2
DA:15,0
DA:16,0
DA:17,0
DA:18,0
DA:23,0
DA:24,0
DA:25,0
DA:28,0
DA:29,0
DA:30,0
DA:33,0
DA:34,0
DA:35,0
DA:36,0
DA:37,0
DA:43,0
DA:44,0
DA:45,0
DA:46,0
DA:47,0
DA:51,0
DA:52,0
DA:53,0
DA:54,0
DA:62,0
DA:66,0
DA:67,0
DA:68,0
DA:71,0
DA:74,0
DA:75,0
DA:85,0
DA:88,0
DA:92,0
DA:96,0
DA:97,0
DA:98,0
DA:103,2
LF:47
LH:10
BRDA:33,0,0,0
BRDA:33,0,1,0
BRDA:46,1,0,0
BRDA:46,1,1,0
BRDA:51,2,0,0
BRDA:51,2,1,0
BRDA:53,3,0,0
BRDA:53,3,1,0
BRDA:78,4,0,0
BRDA:78,4,1,0
BRDA:96,5,0,0
BRDA:96,5,1,0
BRF:12
BRH:0
end_of_record
TN:
SF:src/config/database.js
FN:43,(anonymous_0)
FN:49,(anonymous_1)
FN:56,testConnection
FN:102,(anonymous_3)
FNF:4
FNH:2
FNDA:50,(anonymous_0)
FNDA:50,(anonymous_1)
FNDA:0,testConnection
FNDA:0,(anonymous_3)
DA:1,4
DA:2,4
DA:6,4
DA:20,4
DA:36,4
DA:39,4
DA:43,4
DA:44,50
DA:45,0
DA:49,4
DA:50,50
DA:51,0
DA:58,0
DA:59,0
DA:60,0
DA:63,0
DA:64,0
DA:67,0
DA:73,0
DA:75,0
DA:77,0
DA:78,0
DA:86,0
DA:87,0
DA:88,0
DA:89,0
DA:90,0
DA:91,0
DA:94,0
DA:96,0
DA:101,4
DA:102,0
DA:103,0
DA:104,0
DA:109,4
DA:112,4
LF:36
LH:13
BRDA:7,0,0,4
BRDA:7,0,1,0
BRDA:8,1,0,4
BRDA:8,1,1,0
BRDA:9,2,0,4
BRDA:9,2,1,4
BRDA:10,3,0,4
BRDA:10,3,1,0
BRDA:11,4,0,4
BRDA:11,4,1,0
BRDA:12,5,0,4
BRDA:12,5,1,4
BRDA:21,6,0,4
BRDA:21,6,1,0
BRDA:22,7,0,4
BRDA:22,7,1,0
BRDA:23,8,0,4
BRDA:23,8,1,4
BRDA:24,9,0,4
BRDA:24,9,1,0
BRDA:25,10,0,4
BRDA:25,10,1,0
BRDA:36,11,0,4
BRDA:36,11,1,0
BRDA:44,12,0,0
BRDA:44,12,1,50
BRDA:50,13,0,0
BRDA:50,13,1,50
BRDA:83,14,0,0
BRDA:83,14,1,0
BRDA:86,15,0,0
BRDA:86,15,1,0
BRDA:88,16,0,0
BRDA:88,16,1,0
BRDA:90,17,0,0
BRDA:90,17,1,0
BRDA:96,18,0,0
BRDA:96,18,1,0
BRDA:101,19,0,0
BRDA:101,19,1,4
BRDA:103,20,0,0
BRDA:103,20,1,0
BRF:42
BRH:18
end_of_record
TN:
SF:src/controllers/ClienteApiController.js
FN:12,(anonymous_0)
FN:85,(anonymous_1)
FN:136,(anonymous_2)
FN:240,(anonymous_3)
FN:381,(anonymous_4)
FNF:5
FNH:0
FNDA:0,(anonymous_0)
FNDA:0,(anonymous_1)
FNDA:0,(anonymous_2)
FNDA:0,(anonymous_3)
FNDA:0,(anonymous_4)
DA:1,0
DA:2,0
DA:3,0
DA:13,0
DA:14,0
DA:15,0
DA:17,0
DA:34,0
DA:36,0
DA:37,0
DA:38,0
DA:41,0
DA:42,0
DA:43,0
DA:44,0
DA:48,0
DA:54,0
DA:55,0
DA:57,0
DA:59,0
DA:71,0
DA:72,0
DA:86,0
DA:87,0
DA:89,0
DA:94,0
DA:95,0
DA:102,0
DA:107,0
DA:112,0
DA:122,0
DA:123,0
DA:137,0
DA:138,0
DA:139,0
DA:149,0
DA:152,0
DA:153,0
DA:163,0
DA:168,0
DA:169,0
DA:178,0
DA:179,0
DA:188,0
DA:189,0
DA:205,0
DA:207,0
DA:223,0
DA:224,0
DA:225,0
DA:233,0
DA:241,0
DA:242,0
DA:243,0
DA:245,0
DA:255,0
DA:258,0
DA:263,0
DA:264,0
DA:273,0
DA:274,0
DA:279,0
DA:280,0
DA:290,0
DA:291,0
DA:293,0
DA:294,0
DA:295,0
DA:297,0
DA:298,0
DA:299,0
DA:301,0
DA:302,0
DA:303,0
DA:305,0
DA:306,0
DA:307,0
DA:309,0
DA:310,0
DA:311,0
DA:313,0
DA:314,0
DA:315,0
DA:317,0
DA:318,0
DA:319,0
DA:322,0
DA:323,0
DA:325,0
DA:331,0
DA:332,0
DA:337,0
DA:353,0
DA:355,0
DA:364,0
DA:365,0
DA:366,0
DA:374,0
DA:382,0
DA:383,0
DA:385,0
DA:390,0
DA:391,0
DA:399,0
DA:405,0
DA:406,0
DA:417,0
LF:107
LH:0
BRDA:14,0,0,0
BRDA:14,1,0,0
BRDA:36,2,0,0
BRDA:36,2,1,0
BRDA:41,3,0,0
BRDA:41,3,1,0
BRDA:94,4,0,0
BRDA:94,4,1,0
BRDA:152,5,0,0
BRDA:152,5,1,0
BRDA:152,6,0,0
BRDA:152,6,1,0
BRDA:152,6,2,0
BRDA:152,6,3,0
BRDA:168,7,0,0
BRDA:168,7,1,0
BRDA:188,8,0,0
BRDA:188,8,1,0
BRDA:263,9,0,0
BRDA:263,9,1,0
BRDA:273,10,0,0
BRDA:273,10,1,0
BRDA:279,11,0,0
BRDA:279,11,1,0
BRDA:293,12,0,0
BRDA:293,12,1,0
BRDA:297,13,0,0
BRDA:297,13,1,0
BRDA:301,14,0,0
BRDA:301,14,1,0
BRDA:305,15,0,0
BRDA:305,15,1,0
BRDA:309,16,0,0
BRDA:309,16,1,0
BRDA:313,17,0,0
BRDA:313,17,1,0
BRDA:317,18,0,0
BRDA:317,18,1,0
BRDA:331,19,0,0
BRDA:331,19,1,0
BRDA:390,20,0,0
BRDA:390,20,1,0
BRF:42
BRH:0
end_of_record
TN:
SF:src/controllers/auditController.js
FN:16,(anonymous_0)
FN:120,(anonymous_1)
FN:149,(anonymous_2)
FN:204,(anonymous_3)
FN:218,(anonymous_4)
FN:232,(anonymous_5)
FN:267,(anonymous_6)
FN:309,(anonymous_7)
FN:330,(anonymous_8)
FN:352,(anonymous_9)
FN:398,(anonymous_10)
FN:419,(anonymous_11)
FN:440,(anonymous_12)
FN:461,(anonymous_13)
FNF:14
FNH:6
FNDA:3,(anonymous_0)
FNDA:0,(anonymous_1)
FNDA:1,(anonymous_2)
FNDA:0,(anonymous_3)
FNDA:0,(anonymous_4)
FNDA:0,(anonymous_5)
FNDA:1,(anonymous_6)
FNDA:0,(anonymous_7)
FNDA:0,(anonymous_8)
FNDA:1,(anonymous_9)
FNDA:1,(anonymous_10)
FNDA:1,(anonymous_11)
FNDA:0,(anonymous_12)
FNDA:0,(anonymous_13)
DA:9,2
DA:17,3
DA:30,3
DA:33,3
DA:36,3
DA:39,3
DA:42,3
DA:43,0
DA:44,0
DA:45,3
DA:47,0
DA:48,0
DA:49,3
DA:51,0
DA:54,3
DA:55,3
DA:56,3
DA:57,3
DA:58,3
DA:61,3
DA:69,3
DA:70,3
DA:73,3
DA:74,3
DA:75,0
DA:76,0
DA:77,0
DA:79,0
DA:80,0
DA:84,3
DA:109,0
DA:110,0
DA:121,0
DA:122,0
DA:123,0
DA:125,0
DA:126,0
DA:132,0
DA:138,0
DA:139,0
DA:150,1
DA:151,1
DA:152,1
DA:155,1
DA:158,1
DA:161,1
DA:164,1
DA:167,1
DA:168,1
DA:169,1
DA:170,1
DA:171,1
DA:174,1
DA:177,1
DA:179,1
DA:193,0
DA:194,0
DA:205,0
DA:206,0
DA:207,0
DA:208,0
DA:210,0
DA:211,0
DA:219,0
DA:220,0
DA:221,0
DA:222,0
DA:224,0
DA:225,0
DA:233,0
DA:234,0
DA:235,0
DA:237,0
DA:242,0
DA:256,0
DA:257,0
DA:268,1
DA:276,1
DA:279,1
DA:280,1
DA:281,1
DA:282,1
DA:283,1
DA:284,1
DA:285,1
DA:288,1
DA:291,1
DA:292,1
DA:293,1
DA:296,1
DA:298,0
DA:299,0
DA:310,0
DA:311,0
DA:313,0
DA:319,0
DA:320,0
DA:331,0
DA:332,0
DA:333,0
DA:335,0
DA:337,0
DA:338,0
DA:353,1
DA:365,1
DA:367,1
DA:368,1
DA:369,1
DA:370,1
DA:371,1
DA:372,1
DA:373,1
DA:375,1
DA:382,1
DA:387,0
DA:388,0
DA:399,1
DA:400,1
DA:401,1
DA:403,1
DA:408,0
DA:409,0
DA:420,1
DA:421,1
DA:423,1
DA:429,0
DA:430,0
DA:441,0
DA:442,0
DA:443,0
DA:445,0
DA:450,0
DA:451,0
DA:462,0
DA:463,0
DA:464,0
DA:469,0
DA:474,0
DA:475,0
DA:483,2
LF:140
LH:68
BRDA:19,0,0,3
BRDA:20,1,0,3
BRDA:27,2,0,3
BRDA:28,3,0,3
BRDA:29,4,0,3
BRDA:33,5,0,3
BRDA:33,5,1,3
BRDA:42,6,0,0
BRDA:42,6,1,3
BRDA:42,7,0,3
BRDA:42,7,1,3
BRDA:45,8,0,0
BRDA:45,8,1,3
BRDA:45,9,0,3
BRDA:45,9,1,0
BRDA:49,10,0,0
BRDA:49,10,1,3
BRDA:49,11,0,3
BRDA:49,11,1,0
BRDA:54,12,0,1
BRDA:54,12,1,2
BRDA:55,13,0,1
BRDA:55,13,1,2
BRDA:56,14,0,0
BRDA:56,14,1,3
BRDA:57,15,0,0
BRDA:57,15,1,3
BRDA:58,16,0,0
BRDA:58,16,1,3
BRDA:74,17,0,0
BRDA:74,17,1,3
BRDA:100,18,0,3
BRDA:100,18,1,3
BRDA:112,19,0,0
BRDA:112,19,1,0
BRDA:125,20,0,0
BRDA:125,20,1,0
BRDA:141,21,0,0
BRDA:141,21,1,0
BRDA:151,22,0,1
BRDA:177,23,0,0
BRDA:177,23,1,1
BRDA:177,24,0,1
BRDA:177,24,1,1
BRDA:181,25,0,1
BRDA:181,25,1,0
BRDA:182,26,0,1
BRDA:182,26,1,0
BRDA:183,27,0,1
BRDA:183,27,1,0
BRDA:184,28,0,1
BRDA:184,28,1,0
BRDA:184,29,0,1
BRDA:184,29,1,1
BRDA:185,30,0,1
BRDA:185,30,1,0
BRDA:186,31,0,1
BRDA:186,31,1,0
BRDA:187,32,0,1
BRDA:187,32,1,0
BRDA:188,33,0,1
BRDA:188,33,1,0
BRDA:196,34,0,0
BRDA:196,34,1,0
BRDA:207,35,0,0
BRDA:221,36,0,0
BRDA:235,37,0,0
BRDA:235,38,0,0
BRDA:259,39,0,0
BRDA:259,39,1,0
BRDA:280,40,0,1
BRDA:280,40,1,0
BRDA:281,41,0,0
BRDA:281,41,1,1
BRDA:282,42,0,0
BRDA:282,42,1,1
BRDA:283,43,0,0
BRDA:283,43,1,1
BRDA:284,44,0,0
BRDA:284,44,1,1
BRDA:285,45,0,0
BRDA:285,45,1,1
BRDA:322,46,0,0
BRDA:322,46,1,0
BRDA:355,47,0,1
BRDA:356,48,0,1
BRDA:363,49,0,1
BRDA:364,50,0,1
BRDA:368,51,0,0
BRDA:368,51,1,1
BRDA:369,52,0,0
BRDA:369,52,1,1
BRDA:370,53,0,0
BRDA:370,53,1,1
BRDA:371,54,0,0
BRDA:371,54,1,1
BRDA:372,55,0,0
BRDA:372,55,1,1
BRDA:373,56,0,0
BRDA:373,56,1,1
BRDA:400,57,0,0
BRDA:442,58,0,0
BRDA:463,59,0,0
BRDA:463,60,0,0
BRF:104
BRH:54
end_of_record
TN:
SF:src/controllers/certificadoController.js
FN:12,(anonymous_0)
FN:80,(anonymous_1)
FN:104,(anonymous_2)
FN:146,(anonymous_3)
FN:171,(anonymous_4)
FN:180,(anonymous_5)
FN:216,(anonymous_6)
FN:233,(anonymous_7)
FN:259,(anonymous_8)
FN:288,(anonymous_9)
FN:308,(anonymous_10)
FN:371,(anonymous_11)
FN:382,(anonymous_12)
FN:409,(anonymous_13)
FN:443,(anonymous_14)
FN:477,(anonymous_15)
FN:502,(anonymous_16)
FN:530,(anonymous_17)
FN:542,(anonymous_18)
FN:558,(anonymous_19)
FN:570,(anonymous_20)
FNF:21
FNH:0
FNDA:0,(anonymous_0)
FNDA:0,(anonymous_1)
FNDA:0,(anonymous_2)
FNDA:0,(anonymous_3)
FNDA:0,(anonymous_4)
FNDA:0,(anonymous_5)
FNDA:0,(anonymous_6)
FNDA:0,(anonymous_7)
FNDA:0,(anonymous_8)
FNDA:0,(anonymous_9)
FNDA:0,(anonymous_10)
FNDA:0,(anonymous_11)
FNDA:0,(anonymous_12)
FNDA:0,(anonymous_13)
FNDA:0,(anonymous_14)
FNDA:0,(anonymous_15)
FNDA:0,(anonymous_16)
FNDA:0,(anonymous_17)
FNDA:0,(anonymous_18)
FNDA:0,(anonymous_19)
FNDA:0,(anonymous_20)
DA:1,2
DA:2,2
DA:13,0
DA:14,0
DA:15,0
DA:16,0
DA:17,0
DA:19,0
DA:21,0
DA:23,0
DA:25,0
DA:26,0
DA:27,0
DA:30,0
DA:31,0
DA:32,0
DA:33,0
DA:39,0
DA:54,0
DA:66,0
DA:67,0
DA:68,0
DA:81,0
DA:82,0
DA:85,0
DA:87,0
DA:95,0
DA:96,0
DA:97,0
DA:105,0
DA:106,0
DA:108,0
DA:121,0
DA:122,0
DA:123,0
DA:127,0
DA:128,0
DA:131,0
DA:133,0
DA:134,0
DA:137,0
DA:138,0
DA:139,0
DA:147,0
DA:148,0
DA:149,0
DA:151,0
DA:153,0
DA:154,0
DA:155,0
DA:159,0
DA:160,0
DA:161,0
DA:162,0
DA:163,0
DA:165,0
DA:166,0
DA:169,0
DA:171,0
DA:175,0
DA:176,0
DA:177,0
DA:179,0
DA:180,0
DA:184,0
DA:185,0
DA:186,0
DA:188,0
DA:193,0
DA:207,0
DA:208,0
DA:209,0
DA:217,0
DA:218,0
DA:219,0
DA:221,0
DA:226,0
DA:227,0
DA:228,0
DA:232,0
DA:233,0
DA:235,0
DA:236,0
DA:237,0
DA:241,0
DA:250,0
DA:251,0
DA:252,0
DA:260,0
DA:261,0
DA:262,0
DA:265,0
DA:266,0
DA:268,0
DA:270,0
DA:271,0
DA:272,0
DA:275,0
DA:276,0
DA:279,0
DA:280,0
DA:281,0
DA:289,0
DA:290,0
DA:291,0
DA:293,0
DA:295,0
DA:308,0
DA:309,0
DA:310,0
DA:314,0
DA:316,0
DA:317,0
DA:318,0
DA:321,0
DA:322,0
DA:323,0
DA:324,0
DA:330,0
DA:346,0
DA:347,0
DA:348,0
DA:351,0
DA:362,0
DA:363,0
DA:364,0
DA:372,0
DA:373,0
DA:374,0
DA:376,0
DA:382,0
DA:383,0
DA:384,0
DA:388,0
DA:390,0
DA:397,0
DA:398,0
DA:410,0
DA:411,0
DA:412,0
DA:414,0
DA:416,0
DA:418,0
DA:419,0
DA:425,0
DA:431,0
DA:432,0
DA:444,0
DA:445,0
DA:446,0
DA:448,0
DA:450,0
DA:452,0
DA:453,0
DA:459,0
DA:465,0
DA:466,0
DA:478,0
DA:479,0
DA:480,0
DA:482,0
DA:484,0
DA:490,0
DA:491,0
DA:503,0
DA:504,0
DA:506,0
DA:511,0
DA:521,0
DA:522,0
DA:523,0
DA:531,0
DA:532,0
DA:534,0
DA:542,0
DA:543,0
DA:544,0
DA:548,0
DA:550,0
DA:552,0
DA:553,0
DA:558,0
DA:564,0
DA:570,0
DA:577,0
DA:578,0
DA:579,0
DA:584,2
LF:188
LH:3
BRDA:14,0,0,0
BRDA:14,0,1,0
BRDA:15,1,0,0
BRDA:15,1,1,0
BRDA:16,2,0,0
BRDA:16,2,1,0
BRDA:17,3,0,0
BRDA:17,3,1,0
BRDA:23,4,0,0
BRDA:23,4,1,0
BRDA:89,5,0,0
BRDA:89,5,1,0
BRDA:91,6,0,0
BRDA:91,6,1,0
BRDA:109,7,0,0
BRDA:109,7,1,0
BRDA:110,8,0,0
BRDA:110,8,1,0
BRDA:112,9,0,0
BRDA:112,9,1,0
BRDA:113,10,0,0
BRDA:113,10,1,0
BRDA:114,11,0,0
BRDA:114,11,1,0
BRDA:115,12,0,0
BRDA:115,12,1,0
BRDA:116,13,0,0
BRDA:116,13,1,0
BRDA:121,14,0,0
BRDA:121,14,1,0
BRDA:121,15,0,0
BRDA:121,15,1,0
BRDA:127,16,0,0
BRDA:127,16,1,0
BRDA:127,17,0,0
BRDA:127,17,1,0
BRDA:127,17,2,0
BRDA:153,18,0,0
BRDA:153,18,1,0
BRDA:165,19,0,0
BRDA:165,19,1,0
BRDA:175,20,0,0
BRDA:175,20,1,0
BRDA:179,21,0,0
BRDA:179,21,1,0
BRDA:201,22,0,0
BRDA:201,22,1,0
BRDA:226,23,0,0
BRDA:226,23,1,0
BRDA:233,24,0,0
BRDA:233,24,1,0
BRDA:233,25,0,0
BRDA:233,25,1,0
BRDA:236,26,0,0
BRDA:236,26,1,0
BRDA:246,27,0,0
BRDA:246,27,1,0
BRDA:266,28,0,0
BRDA:266,28,1,0
BRDA:270,29,0,0
BRDA:270,29,1,0
BRDA:290,30,0,0
BRDA:290,30,1,0
BRDA:291,31,0,0
BRDA:291,31,1,0
BRDA:296,32,0,0
BRDA:296,32,1,0
BRDA:297,33,0,0
BRDA:297,33,1,0
BRDA:298,34,0,0
BRDA:298,34,1,0
BRDA:299,35,0,0
BRDA:299,35,1,0
BRDA:300,36,0,0
BRDA:300,36,1,0
BRDA:300,37,0,0
BRDA:300,37,1,0
BRDA:301,38,0,0
BRDA:301,38,1,0
BRDA:302,39,0,0
BRDA:302,39,1,0
BRDA:303,40,0,0
BRDA:303,40,1,0
BRDA:304,41,0,0
BRDA:304,41,1,0
BRDA:309,42,0,0
BRDA:309,42,1,0
BRDA:309,43,0,0
BRDA:309,43,1,0
BRDA:309,43,2,0
BRDA:346,44,0,0
BRDA:346,44,1,0
BRDA:347,45,0,0
BRDA:347,45,1,0
BRDA:347,46,0,0
BRDA:347,46,1,0
BRDA:347,46,2,0
BRDA:352,47,0,0
BRDA:352,47,1,0
BRDA:373,48,0,0
BRDA:373,48,1,0
BRDA:374,49,0,0
BRDA:374,49,1,0
BRDA:377,50,0,0
BRDA:377,50,1,0
BRDA:379,51,0,0
BRDA:379,51,1,0
BRDA:383,52,0,0
BRDA:383,52,1,0
BRDA:383,53,0,0
BRDA:383,53,1,0
BRDA:383,53,2,0
BRDA:418,54,0,0
BRDA:418,54,1,0
BRDA:452,55,0,0
BRDA:452,55,1,0
BRDA:537,56,0,0
BRDA:537,56,1,0
BRDA:543,57,0,0
BRDA:543,57,1,0
BRDA:543,58,0,0
BRDA:543,58,1,0
BRDA:543,58,2,0
BRDA:552,59,0,0
BRDA:552,59,1,0
BRDA:558,60,0,0
BRDA:558,60,1,0
BRDA:570,61,0,0
BRDA:570,61,1,0
BRF:129
BRH:0
end_of_record
TN:
SF:src/controllers/clienteController.js
FN:11,(anonymous_0)
FN:26,(anonymous_1)
FN:46,(anonymous_2)
FN:71,(anonymous_3)
FN:112,(anonymous_4)
FN:141,(anonymous_5)
FN:149,(anonymous_6)
FN:169,(anonymous_7)
FN:203,(anonymous_8)
FN:223,(anonymous_9)
FN:236,(anonymous_10)
FN:253,(anonymous_11)
FN:273,(anonymous_12)
FN:284,(anonymous_13)
FN:309,(anonymous_14)
FN:322,(anonymous_15)
FN:342,(anonymous_16)
FN:357,(anonymous_17)
FN:365,(anonymous_18)
FN:385,(anonymous_19)
FN:398,(anonymous_20)
FN:418,(anonymous_21)
FN:452,(anonymous_22)
FN:475,(anonymous_23)
FN:483,(anonymous_24)
FNF:25
FNH:0
FNDA:0,(anonymous_0)
FNDA:0,(anonymous_1)
FNDA:0,(anonymous_2)
FNDA:0,(anonymous_3)
FNDA:0,(anonymous_4)
FNDA:0,(anonymous_5)
FNDA:0,(anonymous_6)
FNDA:0,(anonymous_7)
FNDA:0,(anonymous_8)
FNDA:0,(anonymous_9)
FNDA:0,(anonymous_10)
FNDA:0,(anonymous_11)
FNDA:0,(anonymous_12)
FNDA:0,(anonymous_13)
FNDA:0,(anonymous_14)
FNDA:0,(anonymous_15)
FNDA:0,(anonymous_16)
FNDA:0,(anonymous_17)
FNDA:0,(anonymous_18)
FNDA:0,(anonymous_19)
FNDA:0,(anonymous_20)
FNDA:0,(anonymous_21)
FNDA:0,(anonymous_22)
FNDA:0,(anonymous_23)
FNDA:0,(anonymous_24)
DA:1,0
DA:12,0
DA:13,0
DA:14,0
DA:16,0
DA:18,0
DA:20,0
DA:27,0
DA:28,0
DA:29,0
DA:31,0
DA:37,0
DA:38,0
DA:39,0
DA:47,0
DA:48,0
DA:50,0
DA:62,0
DA:63,0
DA:64,0
DA:72,0
DA:73,0
DA:75,0
DA:92,0
DA:93,0
DA:94,0
DA:97,0
DA:99,0
DA:100,0
DA:103,0
DA:104,0
DA:105,0
DA:113,0
DA:114,0
DA:115,0
DA:117,0
DA:119,0
DA:120,0
DA:121,0
DA:125,0
DA:126,0
DA:127,0
DA:128,0
DA:129,0
DA:130,0
DA:132,0
DA:142,0
DA:143,0
DA:150,0
DA:151,0
DA:152,0
DA:154,0
DA:160,0
DA:161,0
DA:162,0
DA:170,0
DA:171,0
DA:172,0
DA:174,0
DA:176,0
DA:177,0
DA:178,0
DA:181,0
DA:194,0
DA:195,0
DA:196,0
DA:204,0
DA:205,0
DA:206,0
DA:210,0
DA:211,0
DA:214,0
DA:215,0
DA:216,0
DA:224,0
DA:225,0
DA:226,0
DA:228,0
DA:236,0
DA:237,0
DA:238,0
DA:242,0
DA:244,0
DA:246,0
DA:254,0
DA:255,0
DA:256,0
DA:258,0
DA:264,0
DA:265,0
DA:266,0
DA:274,0
DA:275,0
DA:276,0
DA:278,0
DA:284,0
DA:285,0
DA:288,0
DA:290,0
DA:297,0
DA:298,0
DA:310,0
DA:311,0
DA:313,0
DA:318,0
DA:323,0
DA:324,0
DA:325,0
DA:327,0
DA:333,0
DA:334,0
DA:335,0
DA:343,0
DA:344,0
DA:345,0
DA:347,0
DA:349,0
DA:350,0
DA:351,0
DA:354,0
DA:358,0
DA:359,0
DA:366,0
DA:367,0
DA:368,0
DA:370,0
DA:376,0
DA:377,0
DA:378,0
DA:386,0
DA:387,0
DA:388,0
DA:392,0
DA:394,0
DA:399,0
DA:400,0
DA:401,0
DA:403,0
DA:409,0
DA:410,0
DA:411,0
DA:419,0
DA:420,0
DA:421,0
DA:423,0
DA:426,0
DA:428,0
DA:437,0
DA:439,0
DA:440,0
DA:443,0
DA:444,0
DA:445,0
DA:453,0
DA:454,0
DA:455,0
DA:456,0
DA:458,0
DA:461,0
DA:469,0
DA:476,0
DA:477,0
DA:484,0
DA:485,0
DA:486,0
DA:488,0
DA:494,0
DA:495,0
DA:496,0
DA:501,0
LF:170
LH:0
BRDA:13,0,0,0
BRDA:13,0,1,0
BRDA:14,1,0,0
BRDA:14,1,1,0
BRDA:27,2,0,0
BRDA:27,2,1,0
BRDA:79,3,0,0
BRDA:79,3,1,0
BRDA:92,4,0,0
BRDA:92,4,1,0
BRDA:92,5,0,0
BRDA:92,5,1,0
BRDA:119,6,0,0
BRDA:119,6,1,0
BRDA:127,7,0,0
BRDA:127,7,1,0
BRDA:128,8,0,0
BRDA:128,8,1,0
BRDA:129,9,0,0
BRDA:129,9,1,0
BRDA:130,10,0,0
BRDA:130,10,1,0
BRDA:136,11,0,0
BRDA:136,11,1,0
BRDA:137,12,0,0
BRDA:137,12,1,0
BRDA:138,13,0,0
BRDA:138,13,1,0
BRDA:139,14,0,0
BRDA:139,14,1,0
BRDA:140,15,0,0
BRDA:140,15,1,0
BRDA:142,16,0,0
BRDA:142,16,1,0
BRDA:142,17,0,0
BRDA:142,17,1,0
BRDA:150,18,0,0
BRDA:150,18,1,0
BRDA:176,19,0,0
BRDA:176,19,1,0
BRDA:225,20,0,0
BRDA:225,20,1,0
BRDA:226,21,0,0
BRDA:226,21,1,0
BRDA:232,22,0,0
BRDA:232,22,1,0
BRDA:237,23,0,0
BRDA:237,23,1,0
BRDA:237,24,0,0
BRDA:237,24,1,0
BRDA:237,24,2,0
BRDA:254,25,0,0
BRDA:254,25,1,0
BRDA:275,26,0,0
BRDA:275,26,1,0
BRDA:276,27,0,0
BRDA:276,27,1,0
BRDA:285,28,0,0
BRDA:285,28,1,0
BRDA:323,29,0,0
BRDA:323,29,1,0
BRDA:349,30,0,0
BRDA:349,30,1,0
BRDA:358,31,0,0
BRDA:358,31,1,0
BRDA:358,32,0,0
BRDA:358,32,1,0
BRDA:366,33,0,0
BRDA:366,33,1,0
BRDA:387,34,0,0
BRDA:387,34,1,0
BRDA:399,35,0,0
BRDA:399,35,1,0
BRDA:429,36,0,0
BRDA:429,36,1,0
BRDA:431,37,0,0
BRDA:431,37,1,0
BRDA:432,38,0,0
BRDA:432,38,1,0
BRDA:434,39,0,0
BRDA:434,39,1,0
BRDA:454,40,0,0
BRDA:454,40,1,0
BRDA:476,41,0,0
BRDA:476,41,1,0
BRDA:476,42,0,0
BRDA:476,42,1,0
BRDA:484,43,0,0
BRDA:484,43,1,0
BRF:89
BRH:0
end_of_record
TN:
SF:src/controllers/clientesController.basic.js
FN:6,(anonymous_0)
FN:26,(anonymous_1)
FN:39,(anonymous_2)
FN:77,(anonymous_3)
FN:101,(anonymous_4)
FN:102,(anonymous_5)
FN:114,(anonymous_6)
FN:136,(anonymous_7)
FNF:8
FNH:0
FNDA:0,(anonymous_0)
FNDA:0,(anonymous_1)
FNDA:0,(anonymous_2)
FNDA:0,(anonymous_3)
FNDA:0,(anonymous_4)
FNDA:0,(anonymous_5)
FNDA:0,(anonymous_6)
FNDA:0,(anonymous_7)
DA:1,2
DA:2,2
DA:3,2
DA:7,0
DA:8,0
DA:22,0
DA:24,0
DA:26,0
DA:35,0
DA:40,0
DA:45,0
DA:47,0
DA:48,0
DA:50,0
DA:63,0
DA:68,0
DA:73,0
DA:78,0
DA:79,0
DA:80,0
DA:81,0
DA:84,0
DA:89,0
DA:90,0
DA:94,0
DA:100,0
DA:101,0
DA:103,0
DA:104,0
DA:107,0
DA:108,0
DA:112,0
DA:114,0
DA:115,0
DA:117,0
DA:122,0
DA:127,0
DA:132,0
DA:137,0
DA:138,0
DA:141,0
DA:146,0
DA:147,0
DA:151,0
DA:164,0
DA:173,0
DA:182,0
DA:187,2
LF:48
LH:4
BRDA:30,0,0,0
BRDA:30,0,1,0
BRDA:31,1,0,0
BRDA:31,1,1,0
BRDA:89,2,0,0
BRDA:89,2,1,0
BRDA:107,3,0,0
BRDA:107,3,1,0
BRDA:146,4,0,0
BRDA:146,4,1,0
BRF:10
BRH:0
end_of_record
TN:
SF:src/controllers/clientesController.js
FN:11,(anonymous_0)
FN:36,(anonymous_1)
FN:66,(anonymous_2)
FN:81,(anonymous_3)
FN:127,(anonymous_4)
FN:131,(anonymous_5)
FN:135,(anonymous_6)
FN:139,(anonymous_7)
FN:208,(anonymous_8)
FN:231,(anonymous_9)
FN:261,(anonymous_10)
FN:279,(anonymous_11)
FN:297,(anonymous_12)
FN:333,(anonymous_13)
FN:366,(anonymous_14)
FN:390,(anonymous_15)
FN:391,(anonymous_16)
FN:395,(anonymous_17)
FN:411,(anonymous_18)
FN:491,(anonymous_19)
FN:516,(anonymous_20)
FN:544,(anonymous_21)
FN:599,(anonymous_22)
FN:623,(anonymous_23)
FN:624,(anonymous_24)
FN:633,(anonymous_25)
FN:659,(anonymous_26)
FN:695,(anonymous_27)
FN:697,(anonymous_28)
FN:705,(anonymous_29)
FN:711,(anonymous_30)
FN:714,(anonymous_31)
FN:741,(anonymous_32)
FN:753,(anonymous_33)
FN:757,(anonymous_34)
FNF:35
FNH:0
FNDA:0,(anonymous_0)
FNDA:0,(anonymous_1)
FNDA:0,(anonymous_2)
FNDA:0,(anonymous_3)
FNDA:0,(anonymous_4)
FNDA:0,(anonymous_5)
FNDA:0,(anonymous_6)
FNDA:0,(anonymous_7)
FNDA:0,(anonymous_8)
FNDA:0,(anonymous_9)
FNDA:0,(anonymous_10)
FNDA:0,(anonymous_11)
FNDA:0,(anonymous_12)
FNDA:0,(anonymous_13)
FNDA:0,(anonymous_14)
FNDA:0,(anonymous_15)
FNDA:0,(anonymous_16)
FNDA:0,(anonymous_17)
FNDA:0,(anonymous_18)
FNDA:0,(anonymous_19)
FNDA:0,(anonymous_20)
FNDA:0,(anonymous_21)
FNDA:0,(anonymous_22)
FNDA:0,(anonymous_23)
FNDA:0,(anonymous_24)
FNDA:0,(anonymous_25)
FNDA:0,(anonymous_26)
FNDA:0,(anonymous_27)
FNDA:0,(anonymous_28)
FNDA:0,(anonymous_29)
FNDA:0,(anonymous_30)
FNDA:0,(anonymous_31)
FNDA:0,(anonymous_32)
FNDA:0,(anonymous_33)
FNDA:0,(anonymous_34)
DA:1,2
DA:2,2
DA:3,2
DA:4,2
DA:5,2
DA:6,2
DA:7,2
DA:12,0
DA:13,0
DA:14,0
DA:22,0
DA:30,0
DA:31,0
DA:37,0
DA:38,0
DA:39,0
DA:41,0
DA:43,0
DA:51,0
DA:60,0
DA:61,0
DA:67,0
DA:68,0
DA:75,0
DA:76,0
DA:82,0
DA:83,0
DA:85,0
DA:86,0
DA:87,0
DA:89,0
DA:90,0
DA:92,0
DA:93,0
DA:94,0
DA:95,0
DA:103,0
DA:104,0
DA:106,0
DA:107,0
DA:108,0
DA:109,0
DA:117,0
DA:125,0
DA:126,0
DA:128,0
DA:129,0
DA:132,0
DA:133,0
DA:136,0
DA:137,0
DA:140,0
DA:141,0
DA:146,0
DA:169,0
DA:192,0
DA:200,0
DA:202,0
DA:203,0
DA:209,0
DA:210,0
DA:211,0
DA:219,0
DA:225,0
DA:226,0
DA:232,0
DA:233,0
DA:234,0
DA:236,0
DA:238,0
DA:246,0
DA:252,0
DA:253,0
DA:262,0
DA:263,0
DA:264,0
DA:266,0
DA:271,0
DA:272,0
DA:280,0
DA:281,0
DA:282,0
DA:284,0
DA:289,0
DA:290,0
DA:298,0
DA:299,0
DA:301,0
DA:302,0
DA:304,0
DA:312,0
DA:321,0
DA:322,0
DA:334,0
DA:335,0
DA:337,0
DA:338,0
DA:340,0
DA:348,0
DA:354,0
DA:355,0
DA:367,0
DA:368,0
DA:369,0
DA:370,0
DA:371,0
DA:372,0
DA:374,0
DA:376,0
DA:380,0
DA:390,0
DA:391,0
DA:395,0
DA:399,0
DA:400,0
DA:413,0
DA:414,0
DA:415,0
DA:417,0
DA:418,0
DA:421,0
DA:422,0
DA:423,0
DA:424,0
DA:425,0
DA:426,0
DA:428,0
DA:431,0
DA:436,0
DA:439,0
DA:440,0
DA:441,0
DA:442,0
DA:443,0
DA:444,0
DA:445,0
DA:446,0
DA:447,0
DA:450,0
DA:475,0
DA:476,0
DA:485,0
DA:492,0
DA:493,0
DA:499,0
DA:500,0
DA:517,0
DA:518,0
DA:519,0
DA:520,0
DA:521,0
DA:522,0
DA:524,0
DA:526,0
DA:530,0
DA:536,0
DA:537,0
DA:545,0
DA:550,0
DA:552,0
DA:553,0
DA:555,0
DA:569,0
DA:570,0
DA:575,0
DA:582,0
DA:583,0
DA:585,0
DA:587,0
DA:588,0
DA:591,0
DA:592,0
DA:600,0
DA:601,0
DA:602,0
DA:603,0
DA:606,0
DA:611,0
DA:612,0
DA:616,0
DA:622,0
DA:623,0
DA:624,0
DA:626,0
DA:627,0
DA:631,0
DA:633,0
DA:634,0
DA:636,0
DA:641,0
DA:646,0
DA:651,0
DA:652,0
DA:660,0
DA:661,0
DA:664,0
DA:669,0
DA:670,0
DA:674,0
DA:676,0
DA:677,0
DA:680,0
DA:685,0
DA:686,0
DA:696,0
DA:698,0
DA:699,0
DA:700,0
DA:702,0
DA:706,0
DA:712,0
DA:715,0
DA:736,0
DA:739,0
DA:742,0
DA:751,0
DA:754,0
DA:755,0
DA:758,0
DA:764,2
LF:220
LH:8
BRDA:13,0,0,0
BRDA:13,1,0,0
BRDA:13,2,0,0
BRDA:13,3,0,0
BRDA:38,4,0,0
BRDA:38,5,0,0
BRDA:38,6,0,0
BRDA:38,7,0,0
BRDA:41,8,0,0
BRDA:41,8,1,0
BRDA:92,9,0,0
BRDA:92,9,1,0
BRDA:92,10,0,0
BRDA:92,10,1,0
BRDA:106,11,0,0
BRDA:106,11,1,0
BRDA:155,12,0,0
BRDA:155,12,1,0
BRDA:156,13,0,0
BRDA:156,13,1,0
BRDA:156,14,0,0
BRDA:156,14,1,0
BRDA:159,15,0,0
BRDA:159,15,1,0
BRDA:160,16,0,0
BRDA:160,16,1,0
BRDA:160,17,0,0
BRDA:160,17,1,0
BRDA:163,18,0,0
BRDA:163,18,1,0
BRDA:164,19,0,0
BRDA:164,19,1,0
BRDA:164,20,0,0
BRDA:164,20,1,0
BRDA:166,21,0,0
BRDA:166,21,1,0
BRDA:170,22,0,0
BRDA:170,22,1,0
BRDA:171,23,0,0
BRDA:171,23,1,0
BRDA:172,24,0,0
BRDA:172,24,1,0
BRDA:173,25,0,0
BRDA:173,25,1,0
BRDA:174,26,0,0
BRDA:174,26,1,0
BRDA:175,27,0,0
BRDA:175,27,1,0
BRDA:177,28,0,0
BRDA:177,28,1,0
BRDA:183,29,0,0
BRDA:183,29,1,0
BRDA:184,30,0,0
BRDA:184,30,1,0
BRDA:185,31,0,0
BRDA:185,31,1,0
BRDA:186,32,0,0
BRDA:186,32,1,0
BRDA:210,33,0,0
BRDA:210,34,0,0
BRDA:210,35,0,0
BRDA:210,36,0,0
BRDA:233,37,0,0
BRDA:233,38,0,0
BRDA:233,39,0,0
BRDA:233,40,0,0
BRDA:236,41,0,0
BRDA:236,41,1,0
BRDA:299,42,0,0
BRDA:299,43,0,0
BRDA:299,44,0,0
BRDA:299,45,0,0
BRDA:302,46,0,0
BRDA:302,46,1,0
BRDA:335,47,0,0
BRDA:335,48,0,0
BRDA:335,49,0,0
BRDA:335,50,0,0
BRDA:338,51,0,0
BRDA:338,51,1,0
BRDA:368,52,0,0
BRDA:368,52,1,0
BRDA:369,53,0,0
BRDA:369,53,1,0
BRDA:370,54,0,0
BRDA:370,54,1,0
BRDA:371,55,0,0
BRDA:371,55,1,0
BRDA:372,56,0,0
BRDA:372,56,1,0
BRDA:390,57,0,0
BRDA:390,57,1,0
BRDA:394,58,0,0
BRDA:394,58,1,0
BRDA:395,59,0,0
BRDA:395,59,1,0
BRDA:411,60,0,0
BRDA:411,61,0,0
BRDA:411,62,0,0
BRDA:411,63,0,0
BRDA:411,64,0,0
BRDA:414,65,0,0
BRDA:414,65,1,0
BRDA:415,66,0,0
BRDA:415,66,1,0
BRDA:418,67,0,0
BRDA:418,67,1,0
BRDA:418,68,0,0
BRDA:418,68,1,0
BRDA:423,69,0,0
BRDA:423,69,1,0
BRDA:428,70,0,0
BRDA:428,70,1,0
BRDA:436,71,0,0
BRDA:436,71,1,0
BRDA:440,72,0,0
BRDA:440,72,1,0
BRDA:441,73,0,0
BRDA:441,73,1,0
BRDA:442,74,0,0
BRDA:442,74,1,0
BRDA:443,75,0,0
BRDA:443,75,1,0
BRDA:444,76,0,0
BRDA:444,76,1,0
BRDA:445,77,0,0
BRDA:445,77,1,0
BRDA:446,78,0,0
BRDA:446,78,1,0
BRDA:447,79,0,0
BRDA:447,79,1,0
BRDA:518,80,0,0
BRDA:518,80,1,0
BRDA:519,81,0,0
BRDA:519,81,1,0
BRDA:520,82,0,0
BRDA:520,82,1,0
BRDA:521,83,0,0
BRDA:521,83,1,0
BRDA:521,83,2,0
BRDA:522,84,0,0
BRDA:522,84,1,0
BRDA:522,84,2,0
BRDA:569,85,0,0
BRDA:569,85,1,0
BRDA:569,86,0,0
BRDA:569,86,1,0
BRDA:587,87,0,0
BRDA:587,87,1,0
BRDA:587,88,0,0
BRDA:587,88,1,0
BRDA:611,89,0,0
BRDA:611,89,1,0
BRDA:626,90,0,0
BRDA:626,90,1,0
BRDA:669,91,0,0
BRDA:669,91,1,0
BRDA:676,92,0,0
BRDA:676,92,1,0
BRDA:698,93,0,0
BRDA:698,93,1,0
BRDA:709,94,0,0
BRDA:709,94,1,0
BRDA:712,95,0,0
BRDA:712,95,1,0
BRDA:714,96,0,0
BRDA:736,97,0,0
BRDA:736,97,1,0
BRDA:736,97,2,0
BRDA:751,98,0,0
BRDA:751,98,1,0
BRDA:754,99,0,0
BRDA:754,99,1,0
BRDA:754,100,0,0
BRDA:754,100,1,0
BRF:175
BRH:0
end_of_record
TN:
SF:src/controllers/dashboardController.js
FN:17,(anonymous_0)
FN:37,(anonymous_1)
FN:38,(anonymous_2)
FN:39,(anonymous_3)
FN:40,(anonymous_4)
FN:42,(anonymous_5)
FN:43,(anonymous_6)
FN:44,(anonymous_7)
FN:45,(anonymous_8)
FN:49,(anonymous_9)
FN:53,(anonymous_10)
FN:173,(anonymous_11)
FN:174,(anonymous_12)
FN:175,(anonymous_13)
FN:176,(anonymous_14)
FN:185,(anonymous_15)
FN:224,(anonymous_16)
FN:268,(anonymous_17)
FN:286,(anonymous_18)
FN:303,(anonymous_19)
FN:316,(anonymous_20)
FNF:21
FNH:0
FNDA:0,(anonymous_0)
FNDA:0,(anonymous_1)
FNDA:0,(anonymous_2)
FNDA:0,(anonymous_3)
FNDA:0,(anonymous_4)
FNDA:0,(anonymous_5)
FNDA:0,(anonymous_6)
FNDA:0,(anonymous_7)
FNDA:0,(anonymous_8)
FNDA:0,(anonymous_9)
FNDA:0,(anonymous_10)
FNDA:0,(anonymous_11)
FNDA:0,(anonymous_12)
FNDA:0,(anonymous_13)
FNDA:0,(anonymous_14)
FNDA:0,(anonymous_15)
FNDA:0,(anonymous_16)
FNDA:0,(anonymous_17)
FNDA:0,(anonymous_18)
FNDA:0,(anonymous_19)
FNDA:0,(anonymous_20)
DA:1,2
DA:2,2
DA:3,2
DA:4,2
DA:5,2
DA:6,2
DA:7,2
DA:18,0
DA:19,0
DA:24,0
DA:36,0
DA:37,0
DA:38,0
DA:39,0
DA:40,0
DA:42,0
DA:43,0
DA:44,0
DA:45,0
DA:49,0
DA:50,0
DA:53,0
DA:54,0
DA:58,0
DA:97,0
DA:106,0
DA:114,0
DA:131,0
DA:141,0
DA:144,0
DA:173,0
DA:174,0
DA:175,0
DA:176,0
DA:186,0
DA:187,0
DA:196,0
DA:205,0
DA:212,0
DA:213,0
DA:225,0
DA:226,0
DA:228,0
DA:230,0
DA:232,0
DA:233,0
DA:235,0
DA:236,0
DA:238,0
DA:239,0
DA:241,0
DA:242,0
DA:244,0
DA:250,0
DA:257,0
DA:258,0
DA:269,0
DA:274,0
DA:287,0
DA:292,0
DA:304,0
DA:306,0
DA:317,0
DA:323,0
DA:332,2
LF:65
LH:8
BRDA:19,0,0,0
BRDA:19,0,1,0
BRDA:49,1,0,0
BRDA:50,2,0,0
BRDA:50,2,1,0
BRDA:53,3,0,0
BRDA:54,4,0,0
BRDA:54,4,1,0
BRDA:107,5,0,0
BRDA:107,5,1,0
BRDA:107,6,0,0
BRDA:107,6,1,0
BRDA:108,7,0,0
BRDA:108,7,1,0
BRDA:109,8,0,0
BRDA:109,8,1,0
BRDA:110,9,0,0
BRDA:110,9,1,0
BRDA:110,10,0,0
BRDA:110,10,1,0
BRDA:117,11,0,0
BRDA:117,11,1,0
BRDA:120,12,0,0
BRDA:120,12,1,0
BRDA:197,13,0,0
BRDA:197,13,1,0
BRDA:198,14,0,0
BRDA:198,14,1,0
BRDA:199,15,0,0
BRDA:199,15,1,0
BRDA:200,16,0,0
BRDA:200,16,1,0
BRDA:201,17,0,0
BRDA:201,17,1,0
BRDA:202,18,0,0
BRDA:202,18,1,0
BRDA:230,19,0,0
BRDA:230,19,1,0
BRDA:230,19,2,0
BRDA:230,19,3,0
BRDA:230,19,4,0
BRF:41
BRH:0
end_of_record
TN:
SF:src/controllers/facturaController.js
FN:14,(anonymous_0)
FN:29,(anonymous_1)
FN:37,(anonymous_2)
FN:57,(anonymous_3)
FN:72,(anonymous_4)
FN:80,(anonymous_5)
FN:100,(anonymous_6)
FN:129,(anonymous_7)
FN:163,(anonymous_8)
FN:212,(anonymous_9)
FN:237,(anonymous_10)
FN:283,(anonymous_11)
FN:310,(anonymous_12)
FN:318,(anonymous_13)
FN:340,(anonymous_14)
FN:358,(anonymous_15)
FN:382,(anonymous_16)
FN:390,(anonymous_17)
FN:410,(anonymous_18)
FN:452,(anonymous_19)
FN:463,(anonymous_20)
FN:501,(anonymous_21)
FN:528,(anonymous_22)
FN:549,(anonymous_23)
FN:585,(anonymous_24)
FN:628,(anonymous_25)
FN:655,(anonymous_26)
FN:669,(anonymous_27)
FN:677,(anonymous_28)
FN:697,(anonymous_29)
FN:724,(anonymous_30)
FN:746,(anonymous_31)
FN:755,(anonymous_32)
FN:791,(anonymous_33)
FN:805,(anonymous_34)
FN:834,(anonymous_35)
FN:858,(anonymous_36)
FN:863,(anonymous_37)
FN:888,(anonymous_38)
FN:907,(anonymous_39)
FN:929,(anonymous_40)
FN:938,(anonymous_41)
FN:974,(anonymous_42)
FN:988,(anonymous_43)
FN:1017,(anonymous_44)
FN:1041,(anonymous_45)
FN:1046,(anonymous_46)
FN:1070,(anonymous_47)
FN:1112,(anonymous_48)
FN:1142,(anonymous_49)
FN:1203,(anonymous_50)
FN:1229,(anonymous_51)
FN:1237,(anonymous_52)
FN:1259,(anonymous_53)
FN:1300,(anonymous_54)
FN:1332,(anonymous_55)
FN:1369,(anonymous_56)
FNF:57
FNH:0
FNDA:0,(anonymous_0)
FNDA:0,(anonymous_1)
FNDA:0,(anonymous_2)
FNDA:0,(anonymous_3)
FNDA:0,(anonymous_4)
FNDA:0,(anonymous_5)
FNDA:0,(anonymous_6)
FNDA:0,(anonymous_7)
FNDA:0,(anonymous_8)
FNDA:0,(anonymous_9)
FNDA:0,(anonymous_10)
FNDA:0,(anonymous_11)
FNDA:0,(anonymous_12)
FNDA:0,(anonymous_13)
FNDA:0,(anonymous_14)
FNDA:0,(anonymous_15)
FNDA:0,(anonymous_16)
FNDA:0,(anonymous_17)
FNDA:0,(anonymous_18)
FNDA:0,(anonymous_19)
FNDA:0,(anonymous_20)
FNDA:0,(anonymous_21)
FNDA:0,(anonymous_22)
FNDA:0,(anonymous_23)
FNDA:0,(anonymous_24)
FNDA:0,(anonymous_25)
FNDA:0,(anonymous_26)
FNDA:0,(anonymous_27)
FNDA:0,(anonymous_28)
FNDA:0,(anonymous_29)
FNDA:0,(anonymous_30)
FNDA:0,(anonymous_31)
FNDA:0,(anonymous_32)
FNDA:0,(anonymous_33)
FNDA:0,(anonymous_34)
FNDA:0,(anonymous_35)
FNDA:0,(anonymous_36)
FNDA:0,(anonymous_37)
FNDA:0,(anonymous_38)
FNDA:0,(anonymous_39)
FNDA:0,(anonymous_40)
FNDA:0,(anonymous_41)
FNDA:0,(anonymous_42)
FNDA:0,(anonymous_43)
FNDA:0,(anonymous_44)
FNDA:0,(anonymous_45)
FNDA:0,(anonymous_46)
FNDA:0,(anonymous_47)
FNDA:0,(anonymous_48)
FNDA:0,(anonymous_49)
FNDA:0,(anonymous_50)
FNDA:0,(anonymous_51)
FNDA:0,(anonymous_52)
FNDA:0,(anonymous_53)
FNDA:0,(anonymous_54)
FNDA:0,(anonymous_55)
FNDA:0,(anonymous_56)
DA:1,2
DA:2,2
DA:7,2
DA:8,2
DA:15,0
DA:16,0
DA:18,0
DA:24,0
DA:30,0
DA:31,0
DA:38,0
DA:39,0
DA:40,0
DA:42,0
DA:48,0
DA:49,0
DA:50,0
DA:58,0
DA:59,0
DA:60,0
DA:62,0
DA:64,0
DA:66,0
DA:73,0
DA:74,0
DA:81,0
DA:82,0
DA:83,0
DA:85,0
DA:91,0
DA:92,0
DA:93,0
DA:101,0
DA:102,0
DA:107,0
DA:120,0
DA:121,0
DA:122,0
DA:130,0
DA:131,0
DA:133,0
DA:145,0
DA:146,0
DA:152,0
DA:153,0
DA:160,0
DA:161,0
DA:163,0
DA:164,0
DA:165,0
DA:166,0
DA:168,0
DA:169,0
DA:171,0
DA:172,0
DA:175,0
DA:177,0
DA:178,0
DA:179,0
DA:180,0
DA:181,0
DA:185,0
DA:186,0
DA:188,0
DA:201,0
DA:202,0
DA:213,0
DA:214,0
DA:216,0
DA:227,0
DA:228,0
DA:235,0
DA:236,0
DA:237,0
DA:238,0
DA:239,0
DA:240,0
DA:244,0
DA:245,0
DA:247,0
DA:248,0
DA:249,0
DA:252,0
DA:255,0
DA:261,0
DA:262,0
DA:263,0
DA:264,0
DA:267,0
DA:269,0
DA:272,0
DA:273,0
DA:284,0
DA:285,0
DA:286,0
DA:288,0
DA:293,0
DA:294,0
DA:300,0
DA:311,0
DA:312,0
DA:319,0
DA:320,0
DA:321,0
DA:323,0
DA:329,0
DA:330,0
DA:341,0
DA:342,0
DA:343,0
DA:345,0
DA:358,0
DA:359,0
DA:362,0
DA:364,0
DA:367,0
DA:368,0
DA:375,0
DA:383,0
DA:384,0
DA:391,0
DA:392,0
DA:393,0
DA:395,0
DA:401,0
DA:402,0
DA:403,0
DA:411,0
DA:412,0
DA:413,0
DA:415,0
DA:417,0
DA:424,0
DA:425,0
DA:432,0
DA:434,0
DA:440,0
DA:441,0
DA:453,0
DA:454,0
DA:455,0
DA:457,0
DA:458,0
DA:459,0
DA:463,0
DA:464,0
DA:467,0
DA:470,0
DA:471,0
DA:473,0
DA:478,0
DA:479,0
DA:480,0
DA:481,0
DA:487,0
DA:488,0
DA:490,0
DA:491,0
DA:492,0
DA:494,0
DA:502,0
DA:503,0
DA:504,0
DA:505,0
DA:506,0
DA:507,0
DA:508,0
DA:510,0
DA:511,0
DA:513,0
DA:514,0
DA:515,0
DA:517,0
DA:518,0
DA:519,0
DA:521,0
DA:529,0
DA:530,0
DA:531,0
DA:535,0
DA:536,0
DA:538,0
DA:539,0
DA:541,0
DA:542,0
DA:550,0
DA:551,0
DA:552,0
DA:554,0
DA:561,0
DA:562,0
DA:568,0
DA:574,0
DA:575,0
DA:586,0
DA:587,0
DA:588,0
DA:590,0
DA:592,0
DA:599,0
DA:600,0
DA:607,0
DA:608,0
DA:611,0
DA:617,0
DA:618,0
DA:629,0
DA:630,0
DA:631,0
DA:633,0
DA:635,0
DA:636,0
DA:637,0
DA:642,0
DA:643,0
DA:646,0
DA:647,0
DA:648,0
DA:656,0
DA:657,0
DA:658,0
DA:660,0
DA:662,0
DA:664,0
DA:670,0
DA:671,0
DA:678,0
DA:679,0
DA:680,0
DA:682,0
DA:688,0
DA:689,0
DA:690,0
DA:698,0
DA:699,0
DA:706,0
DA:708,0
DA:711,0
DA:712,0
DA:715,0
DA:716,0
DA:717,0
DA:725,0
DA:726,0
DA:727,0
DA:728,0
DA:729,0
DA:731,0
DA:734,0
DA:746,0
DA:747,0
DA:748,0
DA:752,0
DA:755,0
DA:769,0
DA:778,0
DA:779,0
DA:792,0
DA:793,0
DA:796,0
DA:805,0
DA:806,0
DA:807,0
DA:812,0
DA:814,0
DA:817,0
DA:818,0
DA:821,0
DA:834,0
DA:835,0
DA:849,0
DA:850,0
DA:851,0
DA:858,0
DA:859,0
DA:863,0
DA:864,0
DA:868,0
DA:869,0
DA:870,0
DA:873,0
DA:874,0
DA:877,0
DA:878,0
DA:889,0
DA:890,0
DA:893,0
DA:898,0
DA:899,0
DA:900,0
DA:908,0
DA:909,0
DA:910,0
DA:911,0
DA:912,0
DA:914,0
DA:917,0
DA:929,0
DA:930,0
DA:931,0
DA:935,0
DA:938,0
DA:952,0
DA:961,0
DA:962,0
DA:975,0
DA:976,0
DA:979,0
DA:988,0
DA:989,0
DA:990,0
DA:995,0
DA:997,0
DA:1000,0
DA:1001,0
DA:1004,0
DA:1017,0
DA:1018,0
DA:1032,0
DA:1033,0
DA:1034,0
DA:1041,0
DA:1042,0
DA:1046,0
DA:1047,0
DA:1051,0
DA:1052,0
DA:1053,0
DA:1056,0
DA:1057,0
DA:1060,0
DA:1061,0
DA:1071,0
DA:1072,0
DA:1074,0
DA:1076,0
DA:1078,0
DA:1082,0
DA:1083,0
DA:1085,0
DA:1089,0
DA:1101,0
DA:1102,0
DA:1113,0
DA:1114,0
DA:1115,0
DA:1117,0
DA:1119,0
DA:1129,0
DA:1130,0
DA:1131,0
DA:1134,0
DA:1135,0
DA:1136,0
DA:1140,0
DA:1141,0
DA:1142,0
DA:1143,0
DA:1144,0
DA:1145,0
DA:1149,0
DA:1150,0
DA:1152,0
DA:1155,0
DA:1164,0
DA:1165,0
DA:1166,0
DA:1167,0
DA:1184,0
DA:1185,0
DA:1187,0
DA:1188,0
DA:1191,0
DA:1192,0
DA:1193,0
DA:1194,0
DA:1196,0
DA:1204,0
DA:1205,0
DA:1206,0
DA:1208,0
DA:1213,0
DA:1214,0
DA:1220,0
DA:1230,0
DA:1231,0
DA:1238,0
DA:1239,0
DA:1240,0
DA:1242,0
DA:1248,0
DA:1249,0
DA:1260,0
DA:1261,0
DA:1262,0
DA:1264,0
DA:1266,0
DA:1267,0
DA:1274,0
DA:1276,0
DA:1289,0
DA:1290,0
DA:1301,0
DA:1302,0
DA:1303,0
DA:1305,0
DA:1312,0
DA:1314,0
DA:1315,0
DA:1317,0
DA:1319,0
DA:1320,0
DA:1324,0
DA:1325,0
DA:1333,0
DA:1334,0
DA:1335,0
DA:1337,0
DA:1339,0
DA:1340,0
DA:1346,0
DA:1358,0
DA:1359,0
DA:1370,0
DA:1371,0
DA:1372,0
DA:1374,0
DA:1382,0
DA:1383,0
DA:1384,0
DA:1385,0
DA:1386,0
DA:1390,0
DA:1392,0
DA:1393,0
DA:1396,0
DA:1397,0
DA:1398,0
DA:1403,2
LF:439
LH:5
BRDA:30,0,0,0
BRDA:30,0,1,0
BRDA:30,1,0,0
BRDA:30,1,1,0
BRDA:38,2,0,0
BRDA:38,2,1,0
BRDA:59,3,0,0
BRDA:59,3,1,0
BRDA:60,4,0,0
BRDA:60,4,1,0
BRDA:73,5,0,0
BRDA:73,5,1,0
BRDA:73,6,0,0
BRDA:73,6,1,0
BRDA:81,7,0,0
BRDA:81,7,1,0
BRDA:116,8,0,0
BRDA:116,8,1,0
BRDA:136,9,0,0
BRDA:136,9,1,0
BRDA:137,10,0,0
BRDA:137,10,1,0
BRDA:140,11,0,0
BRDA:140,11,1,0
BRDA:141,12,0,0
BRDA:141,12,1,0
BRDA:145,13,0,0
BRDA:145,13,1,0
BRDA:152,14,0,0
BRDA:152,14,1,0
BRDA:152,15,0,0
BRDA:152,15,1,0
BRDA:164,16,0,0
BRDA:164,16,1,0
BRDA:165,17,0,0
BRDA:165,17,1,0
BRDA:166,18,0,0
BRDA:166,18,1,0
BRDA:218,19,0,0
BRDA:218,19,1,0
BRDA:219,20,0,0
BRDA:219,20,1,0
BRDA:220,21,0,0
BRDA:220,21,1,0
BRDA:223,22,0,0
BRDA:223,22,1,0
BRDA:227,23,0,0
BRDA:227,23,1,0
BRDA:236,24,0,0
BRDA:236,24,1,0
BRDA:238,25,0,0
BRDA:238,25,1,0
BRDA:239,26,0,0
BRDA:239,26,1,0
BRDA:293,27,0,0
BRDA:293,27,1,0
BRDA:303,28,0,0
BRDA:303,28,1,0
BRDA:305,29,0,0
BRDA:305,29,1,0
BRDA:306,30,0,0
BRDA:306,30,1,0
BRDA:307,31,0,0
BRDA:307,31,1,0
BRDA:308,32,0,0
BRDA:308,32,1,0
BRDA:311,33,0,0
BRDA:311,33,1,0
BRDA:311,34,0,0
BRDA:311,34,1,0
BRDA:319,35,0,0
BRDA:319,35,1,0
BRDA:342,36,0,0
BRDA:342,36,1,0
BRDA:343,37,0,0
BRDA:343,37,1,0
BRDA:359,38,0,0
BRDA:359,38,1,0
BRDA:367,39,0,0
BRDA:367,39,1,0
BRDA:367,40,0,0
BRDA:367,40,1,0
BRDA:383,41,0,0
BRDA:383,41,1,0
BRDA:383,42,0,0
BRDA:383,42,1,0
BRDA:391,43,0,0
BRDA:391,43,1,0
BRDA:420,44,0,0
BRDA:420,44,1,0
BRDA:421,45,0,0
BRDA:421,45,1,0
BRDA:424,46,0,0
BRDA:424,46,1,0
BRDA:457,47,0,0
BRDA:457,47,1,0
BRDA:458,48,0,0
BRDA:458,48,1,0
BRDA:458,49,0,0
BRDA:458,49,1,0
BRDA:458,49,2,0
BRDA:458,49,3,0
BRDA:463,50,0,0
BRDA:463,50,1,0
BRDA:463,51,0,0
BRDA:463,51,1,0
BRDA:470,52,0,0
BRDA:470,52,1,0
BRDA:475,53,0,0
BRDA:475,53,1,0
BRDA:480,54,0,0
BRDA:480,54,1,0
BRDA:480,55,0,0
BRDA:480,55,1,0
BRDA:483,56,0,0
BRDA:483,56,1,0
BRDA:507,57,0,0
BRDA:507,57,1,0
BRDA:510,58,0,0
BRDA:510,58,1,0
BRDA:535,59,0,0
BRDA:535,59,1,0
BRDA:561,60,0,0
BRDA:561,60,1,0
BRDA:599,61,0,0
BRDA:599,61,1,0
BRDA:607,62,0,0
BRDA:607,62,1,0
BRDA:635,63,0,0
BRDA:635,63,1,0
BRDA:657,64,0,0
BRDA:657,64,1,0
BRDA:658,65,0,0
BRDA:658,65,1,0
BRDA:670,66,0,0
BRDA:670,66,1,0
BRDA:670,67,0,0
BRDA:670,67,1,0
BRDA:678,68,0,0
BRDA:678,68,1,0
BRDA:726,69,0,0
BRDA:726,69,1,0
BRDA:727,70,0,0
BRDA:727,70,1,0
BRDA:727,70,2,0
BRDA:728,71,0,0
BRDA:728,71,1,0
BRDA:729,72,0,0
BRDA:729,72,1,0
BRDA:747,73,0,0
BRDA:747,73,1,0
BRDA:747,74,0,0
BRDA:747,74,1,0
BRDA:757,75,0,0
BRDA:757,75,1,0
BRDA:758,76,0,0
BRDA:758,76,1,0
BRDA:762,77,0,0
BRDA:762,77,1,0
BRDA:766,78,0,0
BRDA:766,78,1,0
BRDA:806,79,0,0
BRDA:806,79,1,0
BRDA:806,80,0,0
BRDA:806,80,1,0
BRDA:837,81,0,0
BRDA:837,81,1,0
BRDA:840,82,0,0
BRDA:840,82,1,0
BRDA:841,83,0,0
BRDA:841,83,1,0
BRDA:842,84,0,0
BRDA:842,84,1,0
BRDA:843,85,0,0
BRDA:843,85,1,0
BRDA:844,86,0,0
BRDA:844,86,1,0
BRDA:909,87,0,0
BRDA:909,87,1,0
BRDA:910,88,0,0
BRDA:910,88,1,0
BRDA:910,88,2,0
BRDA:911,89,0,0
BRDA:911,89,1,0
BRDA:912,90,0,0
BRDA:912,90,1,0
BRDA:930,91,0,0
BRDA:930,91,1,0
BRDA:930,92,0,0
BRDA:930,92,1,0
BRDA:940,93,0,0
BRDA:940,93,1,0
BRDA:941,94,0,0
BRDA:941,94,1,0
BRDA:945,95,0,0
BRDA:945,95,1,0
BRDA:949,96,0,0
BRDA:949,96,1,0
BRDA:989,97,0,0
BRDA:989,97,1,0
BRDA:989,98,0,0
BRDA:989,98,1,0
BRDA:1020,99,0,0
BRDA:1020,99,1,0
BRDA:1023,100,0,0
BRDA:1023,100,1,0
BRDA:1024,101,0,0
BRDA:1024,101,1,0
BRDA:1025,102,0,0
BRDA:1025,102,1,0
BRDA:1026,103,0,0
BRDA:1026,103,1,0
BRDA:1027,104,0,0
BRDA:1027,104,1,0
BRDA:1122,105,0,0
BRDA:1122,105,1,0
BRDA:1125,106,0,0
BRDA:1125,106,1,0
BRDA:1129,107,0,0
BRDA:1129,107,1,0
BRDA:1134,108,0,0
BRDA:1134,108,1,0
BRDA:1141,109,0,0
BRDA:1141,109,1,0
BRDA:1143,110,0,0
BRDA:1143,110,1,0
BRDA:1144,111,0,0
BRDA:1144,111,1,0
BRDA:1164,112,0,0
BRDA:1164,112,1,0
BRDA:1164,113,0,0
BRDA:1164,113,1,0
BRDA:1175,114,0,0
BRDA:1175,114,1,0
BRDA:1176,115,0,0
BRDA:1176,115,1,0
BRDA:1177,116,0,0
BRDA:1177,116,1,0
BRDA:1177,117,0,0
BRDA:1177,117,1,0
BRDA:1213,118,0,0
BRDA:1213,118,1,0
BRDA:1223,119,0,0
BRDA:1223,119,1,0
BRDA:1225,120,0,0
BRDA:1225,120,1,0
BRDA:1226,121,0,0
BRDA:1226,121,1,0
BRDA:1227,122,0,0
BRDA:1227,122,1,0
BRDA:1230,123,0,0
BRDA:1230,123,1,0
BRDA:1230,124,0,0
BRDA:1230,124,1,0
BRDA:1238,125,0,0
BRDA:1238,125,1,0
BRDA:1266,126,0,0
BRDA:1266,126,1,0
BRDA:1277,127,0,0
BRDA:1277,127,1,0
BRDA:1309,128,0,0
BRDA:1309,128,1,0
BRDA:1314,129,0,0
BRDA:1314,129,1,0
BRDA:1339,130,0,0
BRDA:1339,130,1,0
BRDA:1375,131,0,0
BRDA:1375,131,1,0
BRDA:1377,132,0,0
BRDA:1377,132,1,0
BRDA:1378,133,0,0
BRDA:1378,133,1,0
BRDA:1383,134,0,0
BRDA:1383,134,1,0
BRDA:1384,135,0,0
BRDA:1384,135,1,0
BRDA:1385,136,0,0
BRDA:1385,136,1,0
BRF:278
BRH:0
end_of_record
TN:
SF:src/controllers/facturasController.basic.js
FN:6,(anonymous_0)
FN:23,(anonymous_1)
FN:36,(anonymous_2)
FN:82,(anonymous_3)
FN:191,(anonymous_4)
FN:227,getEstadoBadge
FN:239,esFacturaValidaParaCondicionIva
FNF:7
FNH:0
FNDA:0,(anonymous_0)
FNDA:0,(anonymous_1)
FNDA:0,(anonymous_2)
FNDA:0,(anonymous_3)
FNDA:0,(anonymous_4)
FNDA:0,getEstadoBadge
FNDA:0,esFacturaValidaParaCondicionIva
DA:1,2
DA:2,2
DA:3,2
DA:7,0
DA:8,0
DA:19,0
DA:21,0
DA:23,0
DA:32,0
DA:37,0
DA:38,0
DA:41,0
DA:54,0
DA:55,0
DA:58,0
DA:61,0
DA:66,0
DA:78,0
DA:83,0
DA:84,0
DA:85,0
DA:92,0
DA:95,0
DA:100,0
DA:101,0
DA:105,0
DA:106,0
DA:110,0
DA:115,0
DA:118,0
DA:119,0
DA:121,0
DA:132,0
DA:133,0
DA:135,0
DA:136,0
DA:137,0
DA:138,0
DA:140,0
DA:141,0
DA:143,0
DA:154,0
DA:155,0
DA:160,0
DA:163,0
DA:173,0
DA:184,0
DA:185,0
DA:187,0
DA:192,0
DA:193,0
DA:194,0
DA:197,0
DA:202,0
DA:203,0
DA:206,0
DA:207,0
DA:211,0
DA:216,0
DA:221,0
DA:228,0
DA:235,0
DA:236,0
DA:241,0
DA:249,0
DA:252,2
LF:66
LH:4
BRDA:27,0,0,0
BRDA:27,0,1,0
BRDA:54,1,0,0
BRDA:54,1,1,0
BRDA:73,2,0,0
BRDA:73,2,1,0
BRDA:100,3,0,0
BRDA:100,3,1,0
BRDA:105,4,0,0
BRDA:105,4,1,0
BRDA:115,5,0,0
BRDA:115,5,1,0
BRDA:185,6,0,0
BRDA:185,6,1,0
BRDA:202,7,0,0
BRDA:202,7,1,0
BRDA:206,8,0,0
BRDA:206,8,1,0
BRDA:235,9,0,0
BRDA:235,9,1,0
BRDA:249,10,0,0
BRDA:249,10,1,0
BRF:22
BRH:0
end_of_record
TN:
SF:src/controllers/facturasController.js
FN:7,getEstadoBadge
FN:20,getEstadoNombre
FN:36,(anonymous_2)
FN:46,(anonymous_3)
FN:75,(anonymous_4)
FN:98,(anonymous_5)
FN:111,(anonymous_6)
FN:152,(anonymous_7)
FN:159,(anonymous_8)
FN:166,(anonymous_9)
FN:174,(anonymous_10)
FN:182,(anonymous_11)
FN:197,(anonymous_12)
FN:212,(anonymous_13)
FN:230,(anonymous_14)
FN:242,(anonymous_15)
FN:254,(anonymous_16)
FN:281,(anonymous_17)
FN:301,(anonymous_18)
FN:315,(anonymous_19)
FN:318,(anonymous_20)
FN:324,(anonymous_21)
FN:351,(anonymous_22)
FN:373,(anonymous_23)
FN:379,(anonymous_24)
FN:382,(anonymous_25)
FN:400,(anonymous_26)
FN:431,(anonymous_27)
FN:475,(anonymous_28)
FN:476,(anonymous_29)
FN:480,(anonymous_30)
FN:516,(anonymous_31)
FN:548,(anonymous_32)
FN:553,(anonymous_33)
FN:574,(anonymous_34)
FN:598,(anonymous_35)
FN:607,(anonymous_36)
FN:640,(anonymous_37)
FN:651,(anonymous_38)
FN:671,(anonymous_39)
FN:701,(anonymous_40)
FN:719,(anonymous_41)
FN:747,(anonymous_42)
FN:772,(anonymous_43)
FN:777,(anonymous_44)
FN:802,(anonymous_45)
FN:825,(anonymous_46)
FN:854,(anonymous_47)
FN:872,(anonymous_48)
FN:876,(anonymous_49)
FN:880,(anonymous_50)
FN:884,(anonymous_51)
FN:888,(anonymous_52)
FN:892,(anonymous_53)
FN:896,(anonymous_54)
FN:900,(anonymous_55)
FN:904,(anonymous_56)
FN:908,(anonymous_57)
FN:912,(anonymous_58)
FN:916,(anonymous_59)
FN:920,(anonymous_60)
FN:924,(anonymous_61)
FN:928,(anonymous_62)
FN:932,(anonymous_63)
FN:936,(anonymous_64)
FN:940,(anonymous_65)
FN:944,(anonymous_66)
FN:948,(anonymous_67)
FN:952,(anonymous_68)
FN:960,(anonymous_69)
FN:963,(anonymous_70)
FNF:71
FNH:0
FNDA:0,getEstadoBadge
FNDA:0,getEstadoNombre
FNDA:0,(anonymous_2)
FNDA:0,(anonymous_3)
FNDA:0,(anonymous_4)
FNDA:0,(anonymous_5)
FNDA:0,(anonymous_6)
FNDA:0,(anonymous_7)
FNDA:0,(anonymous_8)
FNDA:0,(anonymous_9)
FNDA:0,(anonymous_10)
FNDA:0,(anonymous_11)
FNDA:0,(anonymous_12)
FNDA:0,(anonymous_13)
FNDA:0,(anonymous_14)
FNDA:0,(anonymous_15)
FNDA:0,(anonymous_16)
FNDA:0,(anonymous_17)
FNDA:0,(anonymous_18)
FNDA:0,(anonymous_19)
FNDA:0,(anonymous_20)
FNDA:0,(anonymous_21)
FNDA:0,(anonymous_22)
FNDA:0,(anonymous_23)
FNDA:0,(anonymous_24)
FNDA:0,(anonymous_25)
FNDA:0,(anonymous_26)
FNDA:0,(anonymous_27)
FNDA:0,(anonymous_28)
FNDA:0,(anonymous_29)
FNDA:0,(anonymous_30)
FNDA:0,(anonymous_31)
FNDA:0,(anonymous_32)
FNDA:0,(anonymous_33)
FNDA:0,(anonymous_34)
FNDA:0,(anonymous_35)
FNDA:0,(anonymous_36)
FNDA:0,(anonymous_37)
FNDA:0,(anonymous_38)
FNDA:0,(anonymous_39)
FNDA:0,(anonymous_40)
FNDA:0,(anonymous_41)
FNDA:0,(anonymous_42)
FNDA:0,(anonymous_43)
FNDA:0,(anonymous_44)
FNDA:0,(anonymous_45)
FNDA:0,(anonymous_46)
FNDA:0,(anonymous_47)
FNDA:0,(anonymous_48)
FNDA:0,(anonymous_49)
FNDA:0,(anonymous_50)
FNDA:0,(anonymous_51)
FNDA:0,(anonymous_52)
FNDA:0,(anonymous_53)
FNDA:0,(anonymous_54)
FNDA:0,(anonymous_55)
FNDA:0,(anonymous_56)
FNDA:0,(anonymous_57)
FNDA:0,(anonymous_58)
FNDA:0,(anonymous_59)
FNDA:0,(anonymous_60)
FNDA:0,(anonymous_61)
FNDA:0,(anonymous_62)
FNDA:0,(anonymous_63)
FNDA:0,(anonymous_64)
FNDA:0,(anonymous_65)
FNDA:0,(anonymous_66)
FNDA:0,(anonymous_67)
FNDA:0,(anonymous_68)
FNDA:0,(anonymous_69)
FNDA:0,(anonymous_70)
DA:1,0
DA:2,0
DA:3,0
DA:4,0
DA:8,0
DA:16,0
DA:17,0
DA:21,0
DA:29,0
DA:37,0
DA:38,0
DA:39,0
DA:41,0
DA:42,0
DA:44,0
DA:46,0
DA:63,0
DA:64,0
DA:76,0
DA:77,0
DA:78,0
DA:79,0
DA:80,0
DA:83,0
DA:98,0
DA:99,0
DA:100,0
DA:104,0
DA:107,0
DA:109,0
DA:111,0
DA:140,0
DA:141,0
DA:153,0
DA:160,0
DA:167,0
DA:168,0
DA:176,0
DA:183,0
DA:184,0
DA:185,0
DA:186,0
DA:188,0
DA:190,0
DA:198,0
DA:199,0
DA:200,0
DA:201,0
DA:203,0
DA:205,0
DA:213,0
DA:214,0
DA:215,0
DA:216,0
DA:217,0
DA:218,0
DA:221,0
DA:223,0
DA:231,0
DA:233,0
DA:235,0
DA:243,0
DA:245,0
DA:247,0
DA:255,0
DA:256,0
DA:257,0
DA:259,0
DA:260,0
DA:266,0
DA:281,0
DA:289,0
DA:290,0
DA:302,0
DA:303,0
DA:304,0
DA:306,0
DA:308,0
DA:316,0
DA:319,0
DA:325,0
DA:333,0
DA:334,0
DA:339,0
DA:340,0
DA:352,0
DA:353,0
DA:354,0
DA:356,0
DA:357,0
DA:365,0
DA:366,0
DA:368,0
DA:374,0
DA:380,0
DA:383,0
DA:388,0
DA:389,0
DA:401,0
DA:402,0
DA:403,0
DA:405,0
DA:407,0
DA:408,0
DA:414,0
DA:420,0
DA:421,0
DA:432,0
DA:441,0
DA:443,0
DA:451,0
DA:458,0
DA:459,0
DA:467,0
DA:475,0
DA:476,0
DA:481,0
DA:489,0
DA:490,0
DA:496,0
DA:498,0
DA:499,0
DA:505,0
DA:517,0
DA:518,0
DA:519,0
DA:520,0
DA:523,0
DA:524,0
DA:525,0
DA:527,0
DA:532,0
DA:548,0
DA:553,0
DA:562,0
DA:563,0
DA:575,0
DA:576,0
DA:577,0
DA:578,0
DA:579,0
DA:580,0
DA:583,0
DA:598,0
DA:599,0
DA:600,0
DA:604,0
DA:607,0
DA:619,0
DA:628,0
DA:629,0
DA:641,0
DA:642,0
DA:643,0
DA:644,0
DA:646,0
DA:647,0
DA:649,0
DA:651,0
DA:660,0
DA:661,0
DA:672,0
DA:673,0
DA:674,0
DA:676,0
DA:678,0
DA:679,0
DA:684,0
DA:690,0
DA:691,0
DA:702,0
DA:704,0
DA:719,0
DA:720,0
DA:721,0
DA:726,0
DA:729,0
DA:730,0
DA:733,0
DA:747,0
DA:748,0
DA:763,0
DA:764,0
DA:765,0
DA:772,0
DA:773,0
DA:777,0
DA:778,0
DA:782,0
DA:783,0
DA:784,0
DA:787,0
DA:788,0
DA:791,0
DA:792,0
DA:803,0
DA:804,0
DA:814,0
DA:815,0
DA:826,0
DA:828,0
DA:829,0
DA:831,0
DA:843,0
DA:844,0
DA:855,0
DA:858,0
DA:861,0
DA:863,0
DA:864,0
DA:873,0
DA:877,0
DA:881,0
DA:885,0
DA:889,0
DA:893,0
DA:897,0
DA:901,0
DA:905,0
DA:909,0
DA:913,0
DA:917,0
DA:921,0
DA:925,0
DA:929,0
DA:933,0
DA:937,0
DA:941,0
DA:945,0
DA:949,0
DA:953,0
DA:957,0
DA:960,0
DA:961,0
DA:963,0
DA:964,0
DA:971,0
DA:976,0
DA:984,0
DA:985,0
DA:992,0
LF:241
LH:0
BRDA:16,0,0,0
BRDA:16,0,1,0
BRDA:29,1,0,0
BRDA:29,1,1,0
BRDA:38,2,0,0
BRDA:38,2,1,0
BRDA:39,3,0,0
BRDA:39,3,1,0
BRDA:51,4,0,0
BRDA:51,4,1,0
BRDA:77,5,0,0
BRDA:77,5,1,0
BRDA:78,6,0,0
BRDA:78,6,1,0
BRDA:79,7,0,0
BRDA:79,7,1,0
BRDA:80,8,0,0
BRDA:80,8,1,0
BRDA:99,9,0,0
BRDA:99,9,1,0
BRDA:99,10,0,0
BRDA:99,10,1,0
BRDA:118,11,0,0
BRDA:118,11,1,0
BRDA:185,12,0,0
BRDA:185,12,1,0
BRDA:188,13,0,0
BRDA:188,13,1,0
BRDA:200,14,0,0
BRDA:200,14,1,0
BRDA:203,15,0,0
BRDA:203,15,1,0
BRDA:215,16,0,0
BRDA:215,16,1,0
BRDA:217,17,0,0
BRDA:217,17,1,0
BRDA:221,18,0,0
BRDA:221,18,1,0
BRDA:259,19,0,0
BRDA:259,19,1,0
BRDA:275,20,0,0
BRDA:275,20,1,0
BRDA:276,21,0,0
BRDA:276,21,1,0
BRDA:276,22,0,0
BRDA:276,22,1,0
BRDA:277,23,0,0
BRDA:277,23,1,0
BRDA:278,24,0,0
BRDA:278,24,1,0
BRDA:279,25,0,0
BRDA:279,25,1,0
BRDA:280,26,0,0
BRDA:280,26,1,0
BRDA:281,27,0,0
BRDA:281,27,1,0
BRDA:283,28,0,0
BRDA:283,28,1,0
BRDA:284,29,0,0
BRDA:284,29,1,0
BRDA:303,30,0,0
BRDA:303,30,1,0
BRDA:304,31,0,0
BRDA:304,31,1,0
BRDA:316,32,0,0
BRDA:316,32,1,0
BRDA:322,33,0,0
BRDA:322,33,1,0
BRDA:333,34,0,0
BRDA:333,34,1,0
BRDA:356,35,0,0
BRDA:356,35,1,0
BRDA:365,36,0,0
BRDA:365,36,1,0
BRDA:366,37,0,0
BRDA:366,37,1,0
BRDA:377,38,0,0
BRDA:377,38,1,0
BRDA:380,39,0,0
BRDA:380,39,1,0
BRDA:407,40,0,0
BRDA:407,40,1,0
BRDA:423,41,0,0
BRDA:423,41,1,0
BRDA:439,42,0,0
BRDA:440,43,0,0
BRDA:448,44,0,0
BRDA:448,44,1,0
BRDA:458,45,0,0
BRDA:458,45,1,0
BRDA:458,46,0,0
BRDA:458,46,1,0
BRDA:475,47,0,0
BRDA:475,47,1,0
BRDA:479,48,0,0
BRDA:479,48,1,0
BRDA:489,49,0,0
BRDA:489,49,1,0
BRDA:498,50,0,0
BRDA:498,50,1,0
BRDA:498,51,0,0
BRDA:498,51,1,0
BRDA:576,52,0,0
BRDA:576,52,1,0
BRDA:577,53,0,0
BRDA:577,53,1,0
BRDA:578,54,0,0
BRDA:578,54,1,0
BRDA:579,55,0,0
BRDA:579,55,1,0
BRDA:580,56,0,0
BRDA:580,56,1,0
BRDA:594,57,0,0
BRDA:594,57,1,0
BRDA:599,58,0,0
BRDA:599,58,1,0
BRDA:599,59,0,0
BRDA:599,59,1,0
BRDA:614,60,0,0
BRDA:614,60,1,0
BRDA:643,61,0,0
BRDA:643,61,1,0
BRDA:644,62,0,0
BRDA:644,62,1,0
BRDA:678,63,0,0
BRDA:678,63,1,0
BRDA:720,64,0,0
BRDA:720,64,1,0
BRDA:720,65,0,0
BRDA:720,65,1,0
BRDA:750,66,0,0
BRDA:750,66,1,0
BRDA:754,67,0,0
BRDA:754,67,1,0
BRDA:755,68,0,0
BRDA:755,68,1,0
BRDA:756,69,0,0
BRDA:756,69,1,0
BRDA:757,70,0,0
BRDA:757,70,1,0
BRDA:758,71,0,0
BRDA:758,71,1,0
BRDA:829,72,0,0
BRDA:829,72,1,0
BRDA:987,73,0,0
BRDA:987,73,1,0
BRF:146
BRH:0
end_of_record
TN:
SF:src/controllers/leadController.js
FN:12,(anonymous_0)
FN:44,(anonymous_1)
FN:68,(anonymous_2)
FN:103,(anonymous_3)
FN:135,(anonymous_4)
FN:168,(anonymous_5)
FN:197,(anonymous_6)
FN:213,(anonymous_7)
FN:245,(anonymous_8)
FN:256,(anonymous_9)
FN:281,(anonymous_10)
FN:315,(anonymous_11)
FN:362,(anonymous_12)
FN:391,(anonymous_13)
FN:428,(anonymous_14)
FN:432,(anonymous_15)
FN:436,(anonymous_16)
FN:440,(anonymous_17)
FN:444,(anonymous_18)
FN:448,(anonymous_19)
FN:452,(anonymous_20)
FN:476,(anonymous_21)
FN:488,(anonymous_22)
FN:502,(anonymous_23)
FN:503,(anonymous_24)
FN:516,(anonymous_25)
FN:517,(anonymous_26)
FNF:27
FNH:0
FNDA:0,(anonymous_0)
FNDA:0,(anonymous_1)
FNDA:0,(anonymous_2)
FNDA:0,(anonymous_3)
FNDA:0,(anonymous_4)
FNDA:0,(anonymous_5)
FNDA:0,(anonymous_6)
FNDA:0,(anonymous_7)
FNDA:0,(anonymous_8)
FNDA:0,(anonymous_9)
FNDA:0,(anonymous_10)
FNDA:0,(anonymous_11)
FNDA:0,(anonymous_12)
FNDA:0,(anonymous_13)
FNDA:0,(anonymous_14)
FNDA:0,(anonymous_15)
FNDA:0,(anonymous_16)
FNDA:0,(anonymous_17)
FNDA:0,(anonymous_18)
FNDA:0,(anonymous_19)
FNDA:0,(anonymous_20)
FNDA:0,(anonymous_21)
FNDA:0,(anonymous_22)
FNDA:0,(anonymous_23)
FNDA:0,(anonymous_24)
FNDA:0,(anonymous_25)
FNDA:0,(anonymous_26)
DA:1,2
DA:2,2
DA:13,0
DA:14,0
DA:15,0
DA:17,0
DA:19,0
DA:21,0
DA:35,0
DA:36,0
DA:37,0
DA:45,0
DA:46,0
DA:49,0
DA:51,0
DA:59,0
DA:60,0
DA:61,0
DA:69,0
DA:70,0
DA:72,0
DA:83,0
DA:84,0
DA:85,0
DA:88,0
DA:90,0
DA:91,0
DA:94,0
DA:95,0
DA:96,0
DA:104,0
DA:105,0
DA:106,0
DA:108,0
DA:110,0
DA:111,0
DA:112,0
DA:115,0
DA:126,0
DA:127,0
DA:128,0
DA:136,0
DA:137,0
DA:138,0
DA:140,0
DA:145,0
DA:146,0
DA:147,0
DA:150,0
DA:159,0
DA:160,0
DA:161,0
DA:169,0
DA:170,0
DA:171,0
DA:174,0
DA:175,0
DA:177,0
DA:179,0
DA:180,0
DA:181,0
DA:184,0
DA:185,0
DA:188,0
DA:189,0
DA:190,0
DA:198,0
DA:199,0
DA:200,0
DA:202,0
DA:213,0
DA:214,0
DA:217,0
DA:219,0
DA:221,0
DA:236,0
DA:237,0
DA:238,0
DA:246,0
DA:247,0
DA:248,0
DA:250,0
DA:256,0
DA:257,0
DA:260,0
DA:262,0
DA:269,0
DA:270,0
DA:282,0
DA:283,0
DA:284,0
DA:286,0
DA:288,0
DA:290,0
DA:291,0
DA:297,0
DA:303,0
DA:304,0
DA:316,0
DA:317,0
DA:318,0
DA:320,0
DA:322,0
DA:324,0
DA:325,0
DA:332,0
DA:333,0
DA:340,0
DA:341,0
DA:344,0
DA:346,0
DA:347,0
DA:354,0
DA:355,0
DA:363,0
DA:364,0
DA:366,0
DA:371,0
DA:382,0
DA:383,0
DA:384,0
DA:392,0
DA:393,0
DA:404,0
DA:414,0
DA:425,0
DA:428,0
DA:432,0
DA:436,0
DA:440,0
DA:444,0
DA:448,0
DA:452,0
DA:456,0
DA:467,0
DA:468,0
DA:469,0
DA:477,0
DA:478,0
DA:480,0
DA:488,0
DA:489,0
DA:492,0
DA:494,0
DA:496,0
DA:497,0
DA:502,0
DA:504,0
DA:510,0
DA:516,0
DA:518,0
DA:528,0
DA:529,0
DA:530,0
DA:535,2
LF:155
LH:3
BRDA:14,0,0,0
BRDA:14,0,1,0
BRDA:15,1,0,0
BRDA:15,1,1,0
BRDA:53,2,0,0
BRDA:53,2,1,0
BRDA:73,3,0,0
BRDA:73,3,1,0
BRDA:75,4,0,0
BRDA:75,4,1,0
BRDA:76,5,0,0
BRDA:76,5,1,0
BRDA:77,6,0,0
BRDA:77,6,1,0
BRDA:79,7,0,0
BRDA:79,7,1,0
BRDA:83,8,0,0
BRDA:83,8,1,0
BRDA:83,9,0,0
BRDA:83,9,1,0
BRDA:110,10,0,0
BRDA:110,10,1,0
BRDA:145,11,0,0
BRDA:145,11,1,0
BRDA:175,12,0,0
BRDA:175,12,1,0
BRDA:179,13,0,0
BRDA:179,13,1,0
BRDA:199,14,0,0
BRDA:199,14,1,0
BRDA:200,15,0,0
BRDA:200,15,1,0
BRDA:206,16,0,0
BRDA:206,16,1,0
BRDA:207,17,0,0
BRDA:207,17,1,0
BRDA:214,18,0,0
BRDA:214,18,1,0
BRDA:247,19,0,0
BRDA:247,19,1,0
BRDA:248,20,0,0
BRDA:248,20,1,0
BRDA:257,21,0,0
BRDA:257,21,1,0
BRDA:290,22,0,0
BRDA:290,22,1,0
BRDA:324,23,0,0
BRDA:324,23,1,0
BRDA:332,24,0,0
BRDA:332,24,1,0
BRDA:332,25,0,0
BRDA:332,25,1,0
BRDA:346,26,0,0
BRDA:346,26,1,0
BRDA:346,27,0,0
BRDA:346,27,1,0
BRDA:415,28,0,0
BRDA:415,28,1,0
BRDA:416,29,0,0
BRDA:416,29,1,0
BRDA:417,30,0,0
BRDA:417,30,1,0
BRDA:418,31,0,0
BRDA:418,31,1,0
BRDA:419,32,0,0
BRDA:419,32,1,0
BRDA:420,33,0,0
BRDA:420,33,1,0
BRDA:421,34,0,0
BRDA:421,34,1,0
BRDA:428,35,0,0
BRDA:428,35,1,0
BRDA:432,36,0,0
BRDA:432,36,1,0
BRDA:436,37,0,0
BRDA:436,37,1,0
BRDA:440,38,0,0
BRDA:440,38,1,0
BRDA:444,39,0,0
BRDA:444,39,1,0
BRDA:448,40,0,0
BRDA:448,40,1,0
BRDA:452,41,0,0
BRDA:452,41,1,0
BRDA:489,42,0,0
BRDA:489,42,1,0
BRDA:496,43,0,0
BRDA:496,43,1,0
BRDA:502,44,0,0
BRDA:502,44,1,0
BRDA:516,45,0,0
BRDA:516,45,1,0
BRF:92
BRH:0
end_of_record
TN:
SF:src/controllers/presupuestoController.js
FN:5,(anonymous_0)
FN:42,(anonymous_1)
FN:77,(anonymous_2)
FN:109,(anonymous_3)
FN:131,(anonymous_4)
FN:151,(anonymous_5)
FN:172,(anonymous_6)
FN:201,(anonymous_7)
FN:239,(anonymous_8)
FN:265,(anonymous_9)
FN:277,(anonymous_10)
FN:289,(anonymous_11)
FN:301,(anonymous_12)
FN:314,(anonymous_13)
FN:325,(anonymous_14)
FNF:15
FNH:0
FNDA:0,(anonymous_0)
FNDA:0,(anonymous_1)
FNDA:0,(anonymous_2)
FNDA:0,(anonymous_3)
FNDA:0,(anonymous_4)
FNDA:0,(anonymous_5)
FNDA:0,(anonymous_6)
FNDA:0,(anonymous_7)
FNDA:0,(anonymous_8)
FNDA:0,(anonymous_9)
FNDA:0,(anonymous_10)
FNDA:0,(anonymous_11)
FNDA:0,(anonymous_12)
FNDA:0,(anonymous_13)
FNDA:0,(anonymous_14)
DA:1,0
DA:2,0
DA:6,0
DA:7,0
DA:8,0
DA:11,0
DA:20,0
DA:23,0
DA:26,0
DA:37,0
DA:42,0
DA:53,0
DA:69,0
DA:70,0
DA:78,0
DA:79,0
DA:80,0
DA:82,0
DA:90,0
DA:92,0
DA:102,0
DA:103,0
DA:110,0
DA:111,0
DA:113,0
DA:114,0
DA:121,0
DA:122,0
DA:124,0
DA:127,0
DA:128,0
DA:131,0
DA:137,0
DA:143,0
DA:144,0
DA:152,0
DA:154,0
DA:158,0
DA:164,0
DA:165,0
DA:173,0
DA:174,0
DA:187,0
DA:189,0
DA:191,0
DA:194,0
DA:195,0
DA:202,0
DA:203,0
DA:205,0
DA:206,0
DA:212,0
DA:213,0
DA:220,0
DA:224,0
DA:231,0
DA:232,0
DA:240,0
DA:241,0
DA:251,0
DA:253,0
DA:255,0
DA:258,0
DA:259,0
DA:266,0
DA:267,0
DA:268,0
DA:270,0
DA:271,0
DA:278,0
DA:279,0
DA:280,0
DA:282,0
DA:283,0
DA:290,0
DA:291,0
DA:292,0
DA:294,0
DA:295,0
DA:302,0
DA:308,0
DA:309,0
DA:310,0
DA:315,0
DA:322,0
DA:326,0
DA:333,0
DA:337,0
LF:88
LH:0
BRDA:7,0,0,0
BRDA:7,0,1,0
BRDA:8,1,0,0
BRDA:8,1,1,0
BRDA:45,2,0,0
BRDA:45,2,1,0
BRDA:46,3,0,0
BRDA:46,3,1,0
BRDA:79,4,0,0
BRDA:79,4,1,0
BRDA:80,5,0,0
BRDA:80,5,1,0
BRDA:113,6,0,0
BRDA:113,6,1,0
BRDA:122,7,0,0
BRDA:122,7,1,0
BRDA:124,8,0,0
BRDA:124,8,1,0
BRDA:205,9,0,0
BRDA:205,9,1,0
BRDA:212,10,0,0
BRDA:212,10,1,0
BRDA:296,11,0,0
BRDA:296,11,1,0
BRDA:309,12,0,0
BRDA:309,12,1,0
BRDA:322,13,0,0
BRDA:322,13,1,0
BRDA:333,14,0,0
BRDA:333,14,1,0
BRF:30
BRH:0
end_of_record
TN:
SF:src/controllers/presupuestos.controller.js
FN:7,(anonymous_0)
FN:33,(anonymous_1)
FN:49,(anonymous_2)
FN:87,(anonymous_3)
FN:131,(anonymous_4)
FN:181,(anonymous_5)
FNF:6
FNH:0
FNDA:0,(anonymous_0)
FNDA:0,(anonymous_1)
FNDA:0,(anonymous_2)
FNDA:0,(anonymous_3)
FNDA:0,(anonymous_4)
FNDA:0,(anonymous_5)
DA:1,0
DA:8,0
DA:9,0
DA:10,0
DA:11,0
DA:13,0
DA:19,0
DA:20,0
DA:34,0
DA:35,0
DA:38,0
DA:39,0
DA:49,0
DA:50,0
DA:53,0
DA:61,0
DA:62,0
DA:64,0
DA:73,0
DA:74,0
DA:88,0
DA:89,0
DA:90,0
DA:92,0
DA:93,0
DA:101,0
DA:102,0
DA:110,0
DA:112,0
DA:117,0
DA:118,0
DA:132,0
DA:133,0
DA:134,0
DA:136,0
DA:137,0
DA:145,0
DA:147,0
DA:148,0
DA:157,0
DA:162,0
DA:167,0
DA:168,0
DA:182,0
DA:183,0
DA:184,0
DA:186,0
DA:188,0
DA:189,0
DA:197,0
DA:198,0
DA:205,0
DA:210,0
DA:211,0
DA:222,0
LF:55
LH:0
BRDA:9,0,0,0
BRDA:9,0,1,0
BRDA:10,1,0,0
BRDA:10,1,1,0
BRDA:38,2,0,0
BRDA:38,2,1,0
BRDA:38,3,0,0
BRDA:38,3,1,0
BRDA:38,3,2,0
BRDA:55,4,0,0
BRDA:55,4,1,0
BRDA:92,5,0,0
BRDA:92,5,1,0
BRDA:101,6,0,0
BRDA:101,6,1,0
BRDA:136,7,0,0
BRDA:136,7,1,0
BRDA:147,8,0,0
BRDA:147,8,1,0
BRDA:159,9,0,0
BRDA:159,9,1,0
BRDA:188,10,0,0
BRDA:188,10,1,0
BRDA:197,11,0,0
BRDA:197,11,1,0
BRF:25
BRH:0
end_of_record
TN:
SF:src/controllers/presupuestosController.js
FN:8,getEstadoBadgeClass
FN:19,getEstadoBadge
FN:35,(anonymous_2)
FN:49,(anonymous_3)
FN:90,(anonymous_4)
FN:110,(anonymous_5)
FN:121,(anonymous_6)
FN:153,(anonymous_7)
FN:188,(anonymous_8)
FN:209,(anonymous_9)
FN:219,(anonymous_10)
FN:249,(anonymous_11)
FN:279,(anonymous_12)
FN:292,(anonymous_13)
FN:310,(anonymous_14)
FN:328,(anonymous_15)
FN:346,(anonymous_16)
FN:361,(anonymous_17)
FN:383,(anonymous_18)
FN:414,(anonymous_19)
FN:446,(anonymous_20)
FN:478,(anonymous_21)
FN:506,(anonymous_22)
FN:535,(anonymous_23)
FN:549,(anonymous_24)
FN:553,(anonymous_25)
FN:571,(anonymous_26)
FN:625,(anonymous_27)
FN:640,(anonymous_28)
FN:667,(anonymous_29)
FNF:30
FNH:0
FNDA:0,getEstadoBadgeClass
FNDA:0,getEstadoBadge
FNDA:0,(anonymous_2)
FNDA:0,(anonymous_3)
FNDA:0,(anonymous_4)
FNDA:0,(anonymous_5)
FNDA:0,(anonymous_6)
FNDA:0,(anonymous_7)
FNDA:0,(anonymous_8)
FNDA:0,(anonymous_9)
FNDA:0,(anonymous_10)
FNDA:0,(anonymous_11)
FNDA:0,(anonymous_12)
FNDA:0,(anonymous_13)
FNDA:0,(anonymous_14)
FNDA:0,(anonymous_15)
FNDA:0,(anonymous_16)
FNDA:0,(anonymous_17)
FNDA:0,(anonymous_18)
FNDA:0,(anonymous_19)
FNDA:0,(anonymous_20)
FNDA:0,(anonymous_21)
FNDA:0,(anonymous_22)
FNDA:0,(anonymous_23)
FNDA:0,(anonymous_24)
FNDA:0,(anonymous_25)
FNDA:0,(anonymous_26)
FNDA:0,(anonymous_27)
FNDA:0,(anonymous_28)
FNDA:0,(anonymous_29)
DA:1,4
DA:2,4
DA:3,4
DA:4,4
DA:5,4
DA:9,0
DA:16,0
DA:20,0
DA:28,0
DA:36,0
DA:37,0
DA:38,0
DA:40,0
DA:41,0
DA:45,0
DA:47,0
DA:51,0
DA:52,0
DA:78,0
DA:79,0
DA:91,0
DA:92,0
DA:93,0
DA:94,0
DA:95,0
DA:98,0
DA:110,0
DA:111,0
DA:112,0
DA:117,0
DA:119,0
DA:121,0
DA:141,0
DA:142,0
DA:154,0
DA:155,0
DA:156,0
DA:158,0
DA:159,0
DA:165,0
DA:176,0
DA:177,0
DA:189,0
DA:190,0
DA:191,0
DA:192,0
DA:193,0
DA:194,0
DA:197,0
DA:209,0
DA:210,0
DA:211,0
DA:216,0
DA:219,0
DA:228,0
DA:237,0
DA:238,0
DA:250,0
DA:251,0
DA:252,0
DA:254,0
DA:256,0
DA:257,0
DA:262,0
DA:268,0
DA:269,0
DA:280,0
DA:281,0
DA:282,0
DA:284,0
DA:285,0
DA:293,0
DA:294,0
DA:295,0
DA:296,0
DA:297,0
DA:299,0
DA:302,0
DA:303,0
DA:311,0
DA:312,0
DA:313,0
DA:314,0
DA:315,0
DA:317,0
DA:320,0
DA:321,0
DA:329,0
DA:330,0
DA:331,0
DA:332,0
DA:333,0
DA:335,0
DA:338,0
DA:339,0
DA:347,0
DA:348,0
DA:349,0
DA:350,0
DA:351,0
DA:353,0
DA:354,0
DA:362,0
DA:364,0
DA:366,0
DA:371,0
DA:372,0
DA:384,0
DA:385,0
DA:395,0
DA:397,0
DA:398,0
DA:399,0
DA:401,0
DA:402,0
DA:405,0
DA:406,0
DA:407,0
DA:415,0
DA:416,0
DA:417,0
DA:419,0
DA:420,0
DA:426,0
DA:428,0
DA:434,0
DA:435,0
DA:447,0
DA:448,0
DA:449,0
DA:459,0
DA:461,0
DA:462,0
DA:463,0
DA:465,0
DA:466,0
DA:469,0
DA:470,0
DA:471,0
DA:479,0
DA:480,0
DA:481,0
DA:483,0
DA:484,0
DA:489,0
DA:495,0
DA:496,0
DA:507,0
DA:508,0
DA:509,0
DA:511,0
DA:512,0
DA:518,0
DA:524,0
DA:525,0
DA:536,0
DA:537,0
DA:538,0
DA:539,0
DA:541,0
DA:549,0
DA:553,0
DA:559,0
DA:560,0
DA:572,0
DA:573,0
DA:574,0
DA:576,0
DA:577,0
DA:584,0
DA:585,0
DA:588,0
DA:589,0
DA:592,0
DA:595,0
DA:596,0
DA:598,0
DA:606,0
DA:607,0
DA:611,0
DA:614,0
DA:615,0
DA:626,0
DA:628,0
DA:640,0
DA:641,0
DA:642,0
DA:647,0
DA:650,0
DA:651,0
DA:654,0
DA:667,0
DA:668,0
DA:682,0
DA:683,0
DA:684,0
DA:691,0
DA:692,0
DA:695,0
DA:696,0
DA:699,0
DA:700,0
DA:701,0
DA:704,0
DA:705,0
DA:708,0
DA:709,0
DA:719,4
LF:208
LH:6
BRDA:16,0,0,0
BRDA:16,0,1,0
BRDA:28,1,0,0
BRDA:28,1,1,0
BRDA:37,2,0,0
BRDA:37,2,1,0
BRDA:38,3,0,0
BRDA:38,3,1,0
BRDA:57,4,0,0
BRDA:57,4,1,0
BRDA:58,5,0,0
BRDA:58,5,1,0
BRDA:63,6,0,0
BRDA:63,6,1,0
BRDA:64,7,0,0
BRDA:64,7,1,0
BRDA:65,8,0,0
BRDA:65,8,1,0
BRDA:66,9,0,0
BRDA:66,9,1,0
BRDA:67,10,0,0
BRDA:67,10,1,0
BRDA:68,11,0,0
BRDA:68,11,1,0
BRDA:92,12,0,0
BRDA:92,12,1,0
BRDA:93,13,0,0
BRDA:93,13,1,0
BRDA:94,14,0,0
BRDA:94,14,1,0
BRDA:95,15,0,0
BRDA:95,15,1,0
BRDA:111,16,0,0
BRDA:111,16,1,0
BRDA:111,17,0,0
BRDA:111,17,1,0
BRDA:158,18,0,0
BRDA:158,18,1,0
BRDA:190,19,0,0
BRDA:190,19,1,0
BRDA:191,20,0,0
BRDA:191,20,1,0
BRDA:192,21,0,0
BRDA:192,21,1,0
BRDA:193,22,0,0
BRDA:193,22,1,0
BRDA:194,23,0,0
BRDA:194,23,1,0
BRDA:205,24,0,0
BRDA:205,24,1,0
BRDA:210,25,0,0
BRDA:210,25,1,0
BRDA:210,26,0,0
BRDA:210,26,1,0
BRDA:256,27,0,0
BRDA:256,27,1,0
BRDA:296,28,0,0
BRDA:296,28,1,0
BRDA:314,29,0,0
BRDA:314,29,1,0
BRDA:332,30,0,0
BRDA:332,30,1,0
BRDA:348,31,0,0
BRDA:348,31,1,0
BRDA:349,32,0,0
BRDA:349,32,1,0
BRDA:387,33,0,0
BRDA:387,33,1,0
BRDA:389,34,0,0
BRDA:389,34,1,0
BRDA:390,35,0,0
BRDA:390,35,1,0
BRDA:391,36,0,0
BRDA:391,36,1,0
BRDA:397,37,0,0
BRDA:397,37,1,0
BRDA:419,38,0,0
BRDA:419,38,1,0
BRDA:453,39,0,0
BRDA:453,39,1,0
BRDA:454,40,0,0
BRDA:454,40,1,0
BRDA:455,41,0,0
BRDA:455,41,1,0
BRDA:456,42,0,0
BRDA:456,42,1,0
BRDA:461,43,0,0
BRDA:461,43,1,0
BRDA:483,44,0,0
BRDA:483,44,1,0
BRDA:511,45,0,0
BRDA:511,45,1,0
BRDA:576,46,0,0
BRDA:576,46,1,0
BRDA:601,47,0,0
BRDA:601,47,1,0
BRDA:606,48,0,0
BRDA:606,48,1,0
BRDA:641,49,0,0
BRDA:641,49,1,0
BRDA:641,50,0,0
BRDA:641,50,1,0
BRDA:670,51,0,0
BRDA:670,51,1,0
BRDA:674,52,0,0
BRDA:674,52,1,0
BRDA:675,53,0,0
BRDA:675,53,1,0
BRDA:676,54,0,0
BRDA:676,54,1,0
BRDA:677,55,0,0
BRDA:677,55,1,0
BRF:112
BRH:0
end_of_record
TN:
SF:src/controllers/prospectoController.js
FN:9,(anonymous_0)
FN:35,(anonymous_1)
FN:93,(anonymous_2)
FN:115,(anonymous_3)
FN:167,(anonymous_4)
FN:205,(anonymous_5)
FN:244,(anonymous_6)
FN:295,(anonymous_7)
FN:327,(anonymous_8)
FN:361,(anonymous_9)
FN:402,(anonymous_10)
FN:433,(anonymous_11)
FN:454,(anonymous_12)
FN:497,(anonymous_13)
FNF:14
FNH:0
FNDA:0,(anonymous_0)
FNDA:0,(anonymous_1)
FNDA:0,(anonymous_2)
FNDA:0,(anonymous_3)
FNDA:0,(anonymous_4)
FNDA:0,(anonymous_5)
FNDA:0,(anonymous_6)
FNDA:0,(anonymous_7)
FNDA:0,(anonymous_8)
FNDA:0,(anonymous_9)
FNDA:0,(anonymous_10)
FNDA:0,(anonymous_11)
FNDA:0,(anonymous_12)
FNDA:0,(anonymous_13)
DA:1,2
DA:2,2
DA:10,0
DA:11,0
DA:12,0
DA:13,0
DA:15,0
DA:24,0
DA:25,0
DA:36,0
DA:37,0
DA:38,0
DA:39,0
DA:40,0
DA:41,0
DA:42,0
DA:43,0
DA:45,0
DA:53,0
DA:56,0
DA:64,0
DA:82,0
DA:83,0
DA:94,0
DA:95,0
DA:97,0
DA:104,0
DA:105,0
DA:116,0
DA:117,0
DA:133,0
DA:134,0
DA:140,0
DA:141,0
DA:147,0
DA:149,0
DA:156,0
DA:157,0
DA:168,0
DA:169,0
DA:171,0
DA:172,0
DA:178,0
DA:186,0
DA:194,0
DA:195,0
DA:206,0
DA:207,0
DA:209,0
DA:210,0
DA:215,0
DA:216,0
DA:224,0
DA:233,0
DA:234,0
DA:245,0
DA:246,0
DA:262,0
DA:263,0
DA:269,0
DA:271,0
DA:272,0
DA:278,0
DA:284,0
DA:285,0
DA:296,0
DA:297,0
DA:299,0
DA:300,0
DA:306,0
DA:312,0
DA:313,0
DA:328,0
DA:329,0
DA:330,0
DA:331,0
DA:332,0
DA:333,0
DA:335,0
DA:343,0
DA:350,0
DA:351,0
DA:362,0
DA:363,0
DA:365,0
DA:366,0
DA:372,0
DA:378,0
DA:379,0
DA:385,0
DA:391,0
DA:392,0
DA:403,0
DA:404,0
DA:412,0
DA:414,0
DA:422,0
DA:423,0
DA:434,0
DA:435,0
DA:437,0
DA:443,0
DA:444,0
DA:455,0
DA:457,0
DA:465,0
DA:468,0
DA:469,0
DA:472,0
DA:488,0
DA:497,0
DA:498,0
DA:515,0
DA:516,0
DA:517,0
DA:522,0
DA:525,0
DA:526,0
DA:528,0
DA:529,0
DA:532,0
DA:533,0
DA:541,2
LF:123
LH:3
BRDA:27,0,0,0
BRDA:27,0,1,0
BRDA:37,1,0,0
BRDA:37,1,1,0
BRDA:38,2,0,0
BRDA:38,2,1,0
BRDA:39,3,0,0
BRDA:39,3,1,0
BRDA:41,4,0,0
BRDA:41,4,1,0
BRDA:42,5,0,0
BRDA:42,5,1,0
BRDA:43,6,0,0
BRDA:43,6,1,0
BRDA:70,7,0,0
BRDA:70,7,1,0
BRDA:72,8,0,0
BRDA:72,8,1,0
BRDA:73,9,0,0
BRDA:73,9,1,0
BRDA:85,10,0,0
BRDA:85,10,1,0
BRDA:107,11,0,0
BRDA:107,11,1,0
BRDA:123,12,0,0
BRDA:123,12,1,0
BRDA:125,13,0,0
BRDA:125,13,1,0
BRDA:127,14,0,0
BRDA:127,14,1,0
BRDA:128,15,0,0
BRDA:128,15,1,0
BRDA:129,16,0,0
BRDA:129,16,1,0
BRDA:133,17,0,0
BRDA:133,17,1,0
BRDA:140,18,0,0
BRDA:140,18,1,0
BRDA:140,19,0,0
BRDA:140,19,1,0
BRDA:171,20,0,0
BRDA:171,20,1,0
BRDA:187,21,0,0
BRDA:187,21,1,0
BRDA:197,22,0,0
BRDA:197,22,1,0
BRDA:209,23,0,0
BRDA:209,23,1,0
BRDA:236,24,0,0
BRDA:236,24,1,0
BRDA:252,25,0,0
BRDA:252,25,1,0
BRDA:256,26,0,0
BRDA:256,26,1,0
BRDA:257,27,0,0
BRDA:257,27,1,0
BRDA:258,28,0,0
BRDA:258,28,1,0
BRDA:262,29,0,0
BRDA:262,29,1,0
BRDA:271,30,0,0
BRDA:271,30,1,0
BRDA:299,31,0,0
BRDA:299,31,1,0
BRDA:329,32,0,0
BRDA:329,32,1,0
BRDA:330,33,0,0
BRDA:330,33,1,0
BRDA:331,34,0,0
BRDA:331,34,1,0
BRDA:333,35,0,0
BRDA:333,35,1,0
BRDA:365,36,0,0
BRDA:365,36,1,0
BRDA:378,37,0,0
BRDA:378,37,1,0
BRDA:408,38,0,0
BRDA:408,38,1,0
BRDA:409,39,0,0
BRDA:409,39,1,0
BRDA:458,40,0,0
BRDA:458,40,1,0
BRDA:460,41,0,0
BRDA:460,41,1,0
BRDA:504,42,0,0
BRDA:504,42,1,0
BRDA:508,43,0,0
BRDA:508,43,1,0
BRDA:509,44,0,0
BRDA:509,44,1,0
BRF:90
BRH:0
end_of_record
TN:
SF:src/controllers/proyectoController.js
FN:12,(anonymous_0)
FN:52,(anonymous_1)
FN:80,(anonymous_2)
FN:116,(anonymous_3)
FN:149,(anonymous_4)
FN:186,(anonymous_5)
FN:227,(anonymous_6)
FN:241,(anonymous_7)
FN:271,(anonymous_8)
FN:282,(anonymous_9)
FN:307,(anonymous_10)
FN:341,(anonymous_11)
FN:363,(anonymous_12)
FN:390,(anonymous_13)
FN:425,(anonymous_14)
FN:466,(anonymous_15)
FN:506,(anonymous_16)
FNF:17
FNH:0
FNDA:0,(anonymous_0)
FNDA:0,(anonymous_1)
FNDA:0,(anonymous_2)
FNDA:0,(anonymous_3)
FNDA:0,(anonymous_4)
FNDA:0,(anonymous_5)
FNDA:0,(anonymous_6)
FNDA:0,(anonymous_7)
FNDA:0,(anonymous_8)
FNDA:0,(anonymous_9)
FNDA:0,(anonymous_10)
FNDA:0,(anonymous_11)
FNDA:0,(anonymous_12)
FNDA:0,(anonymous_13)
FNDA:0,(anonymous_14)
FNDA:0,(anonymous_15)
FNDA:0,(anonymous_16)
DA:1,2
DA:2,2
DA:13,0
DA:14,0
DA:15,0
DA:16,0
DA:17,0
DA:20,0
DA:27,0
DA:29,0
DA:31,0
DA:43,0
DA:45,0
DA:53,0
DA:54,0
DA:57,0
DA:59,0
DA:71,0
DA:73,0
DA:81,0
DA:82,0
DA:84,0
DA:96,0
DA:98,0
DA:101,0
DA:104,0
DA:107,0
DA:109,0
DA:117,0
DA:118,0
DA:119,0
DA:121,0
DA:123,0
DA:124,0
DA:125,0
DA:128,0
DA:129,0
DA:131,0
DA:140,0
DA:141,0
DA:142,0
DA:150,0
DA:151,0
DA:152,0
DA:154,0
DA:159,0
DA:161,0
DA:164,0
DA:177,0
DA:179,0
DA:187,0
DA:188,0
DA:189,0
DA:191,0
DA:202,0
DA:203,0
DA:204,0
DA:207,0
DA:209,0
DA:210,0
DA:211,0
DA:214,0
DA:215,0
DA:218,0
DA:220,0
DA:228,0
DA:229,0
DA:230,0
DA:232,0
DA:241,0
DA:242,0
DA:245,0
DA:247,0
DA:249,0
DA:262,0
DA:264,0
DA:272,0
DA:273,0
DA:274,0
DA:276,0
DA:282,0
DA:283,0
DA:286,0
DA:288,0
DA:295,0
DA:296,0
DA:308,0
DA:309,0
DA:310,0
DA:312,0
DA:314,0
DA:316,0
DA:317,0
DA:323,0
DA:329,0
DA:330,0
DA:342,0
DA:343,0
DA:344,0
DA:346,0
DA:348,0
DA:351,0
DA:354,0
DA:356,0
DA:364,0
DA:365,0
DA:367,0
DA:372,0
DA:381,0
DA:383,0
DA:391,0
DA:392,0
DA:393,0
DA:394,0
DA:395,0
DA:397,0
DA:399,0
DA:401,0
DA:413,0
DA:414,0
DA:426,0
DA:427,0
DA:428,0
DA:430,0
DA:432,0
DA:433,0
DA:439,0
DA:441,0
DA:442,0
DA:448,0
DA:454,0
DA:455,0
DA:467,0
DA:468,0
DA:470,0
DA:472,0
DA:473,0
DA:479,0
DA:481,0
DA:482,0
DA:488,0
DA:494,0
DA:495,0
DA:507,0
DA:508,0
DA:509,0
DA:511,0
DA:514,0
DA:515,0
DA:522,0
DA:523,0
DA:524,0
DA:531,0
DA:533,0
DA:534,0
DA:540,0
DA:542,0
DA:549,0
DA:550,0
DA:559,2
LF:160
LH:3
BRDA:14,0,0,0
BRDA:14,0,1,0
BRDA:15,1,0,0
BRDA:15,1,1,0
BRDA:16,2,0,0
BRDA:16,2,1,0
BRDA:17,3,0,0
BRDA:17,3,1,0
BRDA:21,4,0,0
BRDA:21,4,1,0
BRDA:22,5,0,0
BRDA:22,5,1,0
BRDA:23,6,0,0
BRDA:23,6,1,0
BRDA:24,7,0,0
BRDA:24,7,1,0
BRDA:62,8,0,0
BRDA:62,8,1,0
BRDA:86,9,0,0
BRDA:86,9,1,0
BRDA:87,10,0,0
BRDA:87,10,1,0
BRDA:88,11,0,0
BRDA:88,11,1,0
BRDA:89,12,0,0
BRDA:89,12,1,0
BRDA:96,13,0,0
BRDA:96,13,1,0
BRDA:96,14,0,0
BRDA:96,14,1,0
BRDA:123,15,0,0
BRDA:123,15,1,0
BRDA:129,16,0,0
BRDA:129,16,1,0
BRDA:129,17,0,0
BRDA:129,17,1,0
BRDA:129,18,0,0
BRDA:129,18,1,0
BRDA:134,19,0,0
BRDA:134,19,1,0
BRDA:159,20,0,0
BRDA:159,20,1,0
BRDA:168,21,0,0
BRDA:168,21,1,0
BRDA:192,22,0,0
BRDA:192,22,1,0
BRDA:193,23,0,0
BRDA:193,23,1,0
BRDA:196,24,0,0
BRDA:196,24,1,0
BRDA:197,25,0,0
BRDA:197,25,1,0
BRDA:198,26,0,0
BRDA:198,26,1,0
BRDA:202,27,0,0
BRDA:202,27,1,0
BRDA:209,28,0,0
BRDA:209,28,1,0
BRDA:229,29,0,0
BRDA:229,29,1,0
BRDA:230,30,0,0
BRDA:230,30,1,0
BRDA:234,31,0,0
BRDA:234,31,1,0
BRDA:242,32,0,0
BRDA:242,32,1,0
BRDA:256,33,0,0
BRDA:256,33,1,0
BRDA:273,34,0,0
BRDA:273,34,1,0
BRDA:274,35,0,0
BRDA:274,35,1,0
BRDA:278,36,0,0
BRDA:278,36,1,0
BRDA:283,37,0,0
BRDA:283,37,1,0
BRDA:316,38,0,0
BRDA:316,38,1,0
BRDA:393,39,0,0
BRDA:393,39,1,0
BRDA:394,40,0,0
BRDA:394,40,1,0
BRDA:432,41,0,0
BRDA:432,41,1,0
BRDA:441,42,0,0
BRDA:441,42,1,0
BRDA:472,43,0,0
BRDA:472,43,1,0
BRDA:481,44,0,0
BRDA:481,44,1,0
BRDA:514,45,0,0
BRDA:514,45,1,0
BRDA:523,46,0,0
BRDA:523,46,1,0
BRDA:533,47,0,0
BRDA:533,47,1,0
BRF:96
BRH:0
end_of_record
TN:
SF:src/helpers/formatters.js
FN:10,formatCurrency
FN:26,formatCurrencySimple
FN:40,formatDate
FN:59,formatDateTime
FN:89,formatNumber
FN:101,formatPercentage
FN:113,truncateText
FN:126,getStatusBadgeClass
FN:143,getStatusName
FN:161,daysBetween
FN:178,isOverdue
FN:192,getRelativeTime
FN:218,serialize
FN:223,(anonymous_13)
FNF:14
FNH:1
FNDA:0,formatCurrency
FNDA:0,formatCurrencySimple
FNDA:3,formatDate
FNDA:0,formatDateTime
FNDA:0,formatNumber
FNDA:0,formatPercentage
FNDA:0,truncateText
FNDA:0,getStatusBadgeClass
FNDA:0,getStatusName
FNDA:0,daysBetween
FNDA:0,isOverdue
FNDA:0,getRelativeTime
FNDA:0,serialize
FNDA:0,(anonymous_13)
DA:11,0
DA:13,0
DA:27,0
DA:29,0
DA:41,3
DA:43,3
DA:44,3
DA:46,3
DA:60,0
DA:64,0
DA:66,0
DA:67,0
DA:69,0
DA:72,0
DA:74,0
DA:90,0
DA:92,0
DA:102,0
DA:104,0
DA:114,0
DA:116,0
DA:118,0
DA:127,0
DA:135,0
DA:144,0
DA:152,0
DA:162,0
DA:164,0
DA:165,0
DA:167,0
DA:168,0
DA:170,0
DA:179,0
DA:181,0
DA:182,0
DA:184,0
DA:193,0
DA:195,0
DA:196,0
DA:197,0
DA:198,0
DA:199,0
DA:200,0
DA:202,0
DA:203,0
DA:204,0
DA:205,0
DA:206,0
DA:207,0
DA:209,0
DA:219,0
DA:221,0
DA:223,0
DA:224,0
DA:225,0
DA:229,0
DA:232,4
LF:57
LH:5
BRDA:11,0,0,0
BRDA:11,0,1,0
BRDA:11,1,0,0
BRDA:11,1,1,0
BRDA:27,2,0,0
BRDA:27,2,1,0
BRDA:27,3,0,0
BRDA:27,3,1,0
BRDA:41,4,0,0
BRDA:41,4,1,3
BRDA:44,5,0,0
BRDA:44,5,1,3
BRDA:60,6,0,0
BRDA:60,6,1,0
BRDA:64,7,0,0
BRDA:64,7,1,0
BRDA:66,8,0,0
BRDA:66,8,1,0
BRDA:66,9,0,0
BRDA:66,9,1,0
BRDA:66,9,2,0
BRDA:72,10,0,0
BRDA:72,10,1,0
BRDA:90,11,0,0
BRDA:90,11,1,0
BRDA:90,12,0,0
BRDA:90,12,1,0
BRDA:101,13,0,0
BRDA:102,14,0,0
BRDA:102,14,1,0
BRDA:102,15,0,0
BRDA:102,15,1,0
BRDA:113,16,0,0
BRDA:114,17,0,0
BRDA:114,17,1,0
BRDA:116,18,0,0
BRDA:116,18,1,0
BRDA:135,19,0,0
BRDA:135,19,1,0
BRDA:152,20,0,0
BRDA:152,20,1,0
BRDA:161,21,0,0
BRDA:162,22,0,0
BRDA:162,22,1,0
BRDA:179,23,0,0
BRDA:179,23,1,0
BRDA:193,24,0,0
BRDA:193,24,1,0
BRDA:202,25,0,0
BRDA:202,25,1,0
BRDA:203,26,0,0
BRDA:203,26,1,0
BRDA:204,27,0,0
BRDA:204,27,1,0
BRDA:205,28,0,0
BRDA:205,28,1,0
BRDA:206,29,0,0
BRDA:206,29,1,0
BRDA:207,30,0,0
BRDA:207,30,1,0
BRDA:219,31,0,0
BRDA:219,31,1,0
BRDA:224,32,0,0
BRDA:224,32,1,0
BRDA:224,33,0,0
BRDA:224,33,1,0
BRDA:224,33,2,0
BRF:67
BRH:2
end_of_record
TN:
SF:src/helpers/handlebars.js
FN:21,(anonymous_0)
FN:43,(anonymous_1)
FN:44,(anonymous_2)
FN:45,(anonymous_3)
FN:58,(anonymous_4)
FN:59,(anonymous_5)
FN:60,(anonymous_6)
FN:63,(anonymous_7)
FN:64,(anonymous_8)
FN:65,(anonymous_9)
FN:66,(anonymous_10)
FN:67,(anonymous_11)
FN:68,(anonymous_12)
FN:71,(anonymous_13)
FN:72,(anonymous_14)
FN:73,(anonymous_15)
FN:76,(anonymous_16)
FN:77,(anonymous_17)
FN:78,(anonymous_18)
FN:79,(anonymous_19)
FN:81,(anonymous_20)
FN:94,(anonymous_21)
FN:111,(anonymous_22)
FN:112,(anonymous_23)
FN:115,(anonymous_24)
FN:122,(anonymous_25)
FN:129,(anonymous_26)
FN:134,(anonymous_27)
FN:140,(anonymous_28)
FN:141,(anonymous_29)
FN:142,(anonymous_30)
FN:144,(anonymous_31)
FN:151,(anonymous_32)
FN:154,(anonymous_33)
FN:156,(anonymous_34)
FN:162,(anonymous_35)
FN:168,(anonymous_36)
FN:172,(anonymous_37)
FN:180,(anonymous_38)
FN:189,(anonymous_39)
FN:193,(anonymous_40)
FN:197,(anonymous_41)
FN:201,(anonymous_42)
FN:207,(anonymous_43)
FN:211,(anonymous_44)
FN:216,(anonymous_45)
FN:228,(anonymous_46)
FN:236,(anonymous_47)
FN:241,(anonymous_48)
FN:254,(anonymous_49)
FN:267,(anonymous_50)
FN:278,(anonymous_51)
FN:290,(anonymous_52)
FN:302,(anonymous_53)
FN:313,(anonymous_54)
FN:324,(anonymous_55)
FN:334,(anonymous_56)
FN:344,(anonymous_57)
FN:353,(anonymous_58)
FN:361,(anonymous_59)
FN:365,(anonymous_60)
FN:369,(anonymous_61)
FN:371,(anonymous_62)
FN:373,(anonymous_63)
FN:380,(anonymous_64)
FN:385,(anonymous_65)
FN:390,(anonymous_66)
FN:397,(anonymous_67)
FN:402,(anonymous_68)
FN:407,(anonymous_69)
FN:413,(anonymous_70)
FN:446,(anonymous_71)
FN:460,(anonymous_72)
FN:470,(anonymous_73)
FN:476,(anonymous_74)
FN:490,(anonymous_75)
FN:494,(anonymous_76)
FN:498,(anonymous_77)
FN:502,(anonymous_78)
FN:506,(anonymous_79)
FN:513,(anonymous_80)
FN:517,(anonymous_81)
FN:521,(anonymous_82)
FN:526,(anonymous_83)
FN:535,(anonymous_84)
FN:545,(anonymous_85)
FN:552,(anonymous_86)
FN:554,(anonymous_87)
FN:558,(anonymous_88)
FN:560,(anonymous_89)
FN:564,(anonymous_90)
FN:571,(anonymous_91)
FNF:92
FNH:11
FNDA:0,(anonymous_0)
FNDA:0,(anonymous_1)
FNDA:3,(anonymous_2)
FNDA:9,(anonymous_3)
FNDA:0,(anonymous_4)
FNDA:0,(anonymous_5)
FNDA:0,(anonymous_6)
FNDA:63,(anonymous_7)
FNDA:0,(anonymous_8)
FNDA:0,(anonymous_9)
FNDA:7,(anonymous_10)
FNDA:10,(anonymous_11)
FNDA:0,(anonymous_12)
FNDA:0,(anonymous_13)
FNDA:0,(anonymous_14)
FNDA:0,(anonymous_15)
FNDA:3,(anonymous_16)
FNDA:6,(anonymous_17)
FNDA:6,(anonymous_18)
FNDA:0,(anonymous_19)
FNDA:0,(anonymous_20)
FNDA:0,(anonymous_21)
FNDA:0,(anonymous_22)
FNDA:0,(anonymous_23)
FNDA:0,(anonymous_24)
FNDA:0,(anonymous_25)
FNDA:0,(anonymous_26)
FNDA:0,(anonymous_27)
FNDA:0,(anonymous_28)
FNDA:0,(anonymous_29)
FNDA:0,(anonymous_30)
FNDA:0,(anonymous_31)
FNDA:0,(anonymous_32)
FNDA:0,(anonymous_33)
FNDA:0,(anonymous_34)
FNDA:0,(anonymous_35)
FNDA:0,(anonymous_36)
FNDA:3,(anonymous_37)
FNDA:0,(anonymous_38)
FNDA:0,(anonymous_39)
FNDA:0,(anonymous_40)
FNDA:0,(anonymous_41)
FNDA:0,(anonymous_42)
FNDA:0,(anonymous_43)
FNDA:0,(anonymous_44)
FNDA:0,(anonymous_45)
FNDA:0,(anonymous_46)
FNDA:0,(anonymous_47)
FNDA:0,(anonymous_48)
FNDA:0,(anonymous_49)
FNDA:0,(anonymous_50)
FNDA:0,(anonymous_51)
FNDA:0,(anonymous_52)
FNDA:0,(anonymous_53)
FNDA:0,(anonymous_54)
FNDA:0,(anonymous_55)
FNDA:0,(anonymous_56)
FNDA:0,(anonymous_57)
FNDA:0,(anonymous_58)
FNDA:0,(anonymous_59)
FNDA:0,(anonymous_60)
FNDA:0,(anonymous_61)
FNDA:0,(anonymous_62)
FNDA:0,(anonymous_63)
FNDA:0,(anonymous_64)
FNDA:0,(anonymous_65)
FNDA:0,(anonymous_66)
FNDA:0,(anonymous_67)
FNDA:4,(anonymous_68)
FNDA:0,(anonymous_69)
FNDA:0,(anonymous_70)
FNDA:0,(anonymous_71)
FNDA:0,(anonymous_72)
FNDA:0,(anonymous_73)
FNDA:0,(anonymous_74)
FNDA:0,(anonymous_75)
FNDA:0,(anonymous_76)
FNDA:0,(anonymous_77)
FNDA:0,(anonymous_78)
FNDA:0,(anonymous_79)
FNDA:0,(anonymous_80)
FNDA:0,(anonymous_81)
FNDA:0,(anonymous_82)
FNDA:0,(anonymous_83)
FNDA:0,(anonymous_84)
FNDA:0,(anonymous_85)
FNDA:0,(anonymous_86)
FNDA:0,(anonymous_87)
FNDA:0,(anonymous_88)
FNDA:0,(anonymous_89)
FNDA:2,(anonymous_90)
FNDA:0,(anonymous_91)
DA:14,2
DA:16,2
DA:22,0
DA:23,0
DA:26,0
DA:27,0
DA:30,0
DA:31,0
DA:32,0
DA:33,0
DA:34,0
DA:35,0
DA:36,0
DA:37,0
DA:39,0
DA:43,0
DA:44,3
DA:46,9
DA:47,9
DA:48,9
DA:49,9
DA:58,0
DA:59,0
DA:60,0
DA:63,63
DA:64,0
DA:65,0
DA:66,7
DA:67,10
DA:68,0
DA:71,0
DA:72,0
DA:73,0
DA:76,3
DA:77,6
DA:78,6
DA:79,0
DA:82,0
DA:83,0
DA:85,0
DA:86,0
DA:87,0
DA:94,0
DA:95,0
DA:96,0
DA:97,0
DA:98,0
DA:99,0
DA:100,0
DA:104,0
DA:105,0
DA:107,0
DA:111,0
DA:112,0
DA:116,0
DA:117,0
DA:118,0
DA:119,0
DA:123,0
DA:124,0
DA:125,0
DA:126,0
DA:130,0
DA:131,0
DA:135,0
DA:136,0
DA:140,0
DA:141,0
DA:142,0
DA:145,0
DA:146,0
DA:147,0
DA:151,0
DA:154,0
DA:157,0
DA:158,0
DA:163,0
DA:164,0
DA:169,0
DA:173,3
DA:174,3
DA:175,3
DA:177,3
DA:181,0
DA:182,0
DA:183,0
DA:185,0
DA:190,0
DA:194,0
DA:198,0
DA:202,0
DA:203,0
DA:208,0
DA:212,0
DA:213,0
DA:217,0
DA:226,0
DA:229,0
DA:230,0
DA:231,0
DA:232,0
DA:237,0
DA:238,0
DA:242,0
DA:250,0
DA:251,0
DA:255,0
DA:263,0
DA:268,0
DA:275,0
DA:279,0
DA:286,0
DA:291,0
DA:298,0
DA:303,0
DA:310,0
DA:314,0
DA:321,0
DA:325,0
DA:326,0
DA:335,0
DA:336,0
DA:337,0
DA:338,0
DA:339,0
DA:340,0
DA:341,0
DA:345,0
DA:346,0
DA:347,0
DA:348,0
DA:349,0
DA:350,0
DA:354,0
DA:355,0
DA:356,0
DA:357,0
DA:358,0
DA:362,0
DA:366,0
DA:370,0
DA:371,0
DA:374,0
DA:375,0
DA:376,0
DA:377,0
DA:381,0
DA:382,0
DA:386,0
DA:391,0
DA:392,0
DA:393,0
DA:398,0
DA:403,4
DA:408,0
DA:409,0
DA:414,0
DA:415,0
DA:416,0
DA:417,0
DA:420,0
DA:421,0
DA:422,0
DA:424,0
DA:428,0
DA:429,0
DA:436,0
DA:447,0
DA:455,0
DA:456,0
DA:461,0
DA:462,0
DA:463,0
DA:464,0
DA:465,0
DA:466,0
DA:471,0
DA:472,0
DA:477,0
DA:478,0
DA:479,0
DA:481,0
DA:486,0
DA:491,0
DA:495,0
DA:499,0
DA:503,0
DA:507,0
DA:514,0
DA:518,0
DA:522,0
DA:527,0
DA:528,0
DA:529,0
DA:536,0
DA:537,0
DA:538,0
DA:539,0
DA:546,0
DA:547,0
DA:548,0
DA:553,0
DA:554,0
DA:559,0
DA:560,0
DA:565,2
DA:566,0
DA:567,0
DA:572,0
DA:573,0
DA:574,0
DA:576,0
LF:212
LH:19
BRDA:26,0,0,0
BRDA:26,0,1,0
BRDA:27,1,0,0
BRDA:27,1,1,0
BRDA:30,2,0,0
BRDA:30,2,1,0
BRDA:31,3,0,0
BRDA:31,3,1,0
BRDA:32,4,0,0
BRDA:32,4,1,0
BRDA:33,5,0,0
BRDA:33,5,1,0
BRDA:33,6,0,0
BRDA:33,6,1,0
BRDA:34,7,0,0
BRDA:34,7,1,0
BRDA:35,8,0,0
BRDA:35,8,1,0
BRDA:36,9,0,0
BRDA:36,9,1,0
BRDA:37,10,0,0
BRDA:37,10,1,0
BRDA:46,11,0,0
BRDA:46,11,1,9
BRDA:48,12,0,0
BRDA:48,12,1,9
BRDA:59,13,0,0
BRDA:60,14,0,0
BRDA:71,15,0,0
BRDA:71,15,1,0
BRDA:72,16,0,0
BRDA:72,16,1,0
BRDA:86,17,0,0
BRDA:86,17,1,0
BRDA:95,18,0,0
BRDA:95,18,1,0
BRDA:95,18,2,0
BRDA:95,18,3,0
BRDA:95,18,4,0
BRDA:99,19,0,0
BRDA:99,19,1,0
BRDA:105,20,0,0
BRDA:105,20,1,0
BRDA:105,21,0,0
BRDA:105,21,1,0
BRDA:116,22,0,0
BRDA:116,22,1,0
BRDA:117,23,0,0
BRDA:117,23,1,0
BRDA:118,24,0,0
BRDA:118,24,1,0
BRDA:123,25,0,0
BRDA:123,25,1,0
BRDA:124,26,0,0
BRDA:124,26,1,0
BRDA:125,27,0,0
BRDA:125,27,1,0
BRDA:130,28,0,0
BRDA:130,28,1,0
BRDA:130,29,0,0
BRDA:130,29,1,0
BRDA:135,30,0,0
BRDA:135,30,1,0
BRDA:135,31,0,0
BRDA:135,31,1,0
BRDA:169,32,0,0
BRDA:169,32,1,0
BRDA:169,33,0,0
BRDA:169,33,1,0
BRDA:172,34,0,0
BRDA:190,35,0,0
BRDA:190,35,1,0
BRDA:194,36,0,0
BRDA:194,36,1,0
BRDA:202,37,0,0
BRDA:202,37,1,0
BRDA:208,38,0,0
BRDA:208,38,1,0
BRDA:212,39,0,0
BRDA:212,39,1,0
BRDA:212,40,0,0
BRDA:212,40,1,0
BRDA:226,41,0,0
BRDA:226,41,1,0
BRDA:229,42,0,0
BRDA:229,42,1,0
BRDA:231,43,0,0
BRDA:231,43,1,0
BRDA:237,44,0,0
BRDA:237,44,1,0
BRDA:238,45,0,0
BRDA:238,45,1,0
BRDA:250,46,0,0
BRDA:250,46,1,0
BRDA:263,47,0,0
BRDA:263,47,1,0
BRDA:275,48,0,0
BRDA:275,48,1,0
BRDA:286,49,0,0
BRDA:286,49,1,0
BRDA:298,50,0,0
BRDA:298,50,1,0
BRDA:310,51,0,0
BRDA:310,51,1,0
BRDA:321,52,0,0
BRDA:321,52,1,0
BRDA:325,53,0,0
BRDA:325,53,1,0
BRDA:325,54,0,0
BRDA:325,54,1,0
BRDA:335,55,0,0
BRDA:335,55,1,0
BRDA:337,56,0,0
BRDA:337,56,1,0
BRDA:345,57,0,0
BRDA:345,57,1,0
BRDA:355,58,0,0
BRDA:355,58,1,0
BRDA:356,59,0,0
BRDA:356,59,1,0
BRDA:357,60,0,0
BRDA:357,60,1,0
BRDA:362,61,0,0
BRDA:362,61,1,0
BRDA:370,62,0,0
BRDA:370,62,1,0
BRDA:371,63,0,0
BRDA:371,63,1,0
BRDA:374,64,0,0
BRDA:374,64,1,0
BRDA:376,65,0,0
BRDA:376,65,1,0
BRDA:381,66,0,0
BRDA:381,66,1,0
BRDA:386,67,0,0
BRDA:386,67,1,0
BRDA:391,68,0,0
BRDA:391,68,1,0
BRDA:398,69,0,0
BRDA:398,69,1,0
BRDA:398,70,0,0
BRDA:398,70,1,0
BRDA:408,71,0,0
BRDA:408,71,1,0
BRDA:408,72,0,0
BRDA:408,72,1,0
BRDA:413,73,0,0
BRDA:420,74,0,0
BRDA:420,74,1,0
BRDA:421,75,0,0
BRDA:421,75,1,0
BRDA:455,76,0,0
BRDA:455,76,1,0
BRDA:461,77,0,0
BRDA:461,77,1,0
BRDA:470,78,0,0
BRDA:472,79,0,0
BRDA:472,79,1,0
BRDA:472,79,2,0
BRDA:477,80,0,0
BRDA:477,80,1,0
BRDA:479,81,0,0
BRDA:479,81,1,0
BRDA:491,82,0,0
BRDA:491,82,1,0
BRDA:495,83,0,0
BRDA:495,83,1,0
BRDA:499,84,0,0
BRDA:499,84,1,0
BRDA:503,85,0,0
BRDA:503,85,1,0
BRDA:514,86,0,0
BRDA:514,86,1,0
BRDA:518,87,0,0
BRDA:518,87,1,0
BRDA:522,88,0,0
BRDA:522,88,1,0
BRDA:527,89,0,0
BRDA:527,89,1,0
BRDA:536,90,0,0
BRDA:536,90,1,0
BRDA:537,91,0,0
BRDA:537,91,1,0
BRDA:538,92,0,0
BRDA:538,92,1,0
BRDA:545,93,0,0
BRDA:546,94,0,0
BRDA:546,94,1,0
BRDA:546,95,0,0
BRDA:546,95,1,0
BRDA:553,96,0,0
BRDA:553,96,1,0
BRDA:559,97,0,0
BRDA:559,97,1,0
BRDA:565,98,0,2
BRDA:565,98,1,0
BRDA:565,99,0,2
BRDA:565,99,1,0
BRDA:566,100,0,0
BRDA:566,100,1,0
BRF:200
BRH:4
end_of_record
TN:
SF:src/middleware/auditLogger.js
FN:56,extractModule
FN:61,(anonymous_1)
FN:92,extractEntity
FN:93,(anonymous_3)
FN:99,(anonymous_4)
FN:127,sanitizeData
FN:147,shouldExcludePath
FN:148,(anonymous_7)
FN:156,isSensitivePath
FN:157,(anonymous_9)
FN:163,auditLogger
FN:181,(anonymous_11)
FN:189,(anonymous_12)
FN:254,logLogin
FN:282,logLogout
FN:310,logChange
FNF:16
FNH:10
FNDA:2,extractModule
FNDA:6,(anonymous_1)
FNDA:1,extractEntity
FNDA:3,(anonymous_3)
FNDA:2,(anonymous_4)
FNDA:0,sanitizeData
FNDA:10,shouldExcludePath
FNDA:92,(anonymous_7)
FNDA:0,isSensitivePath
FNDA:0,(anonymous_9)
FNDA:10,auditLogger
FNDA:1,(anonymous_11)
FNDA:1,(anonymous_12)
FNDA:0,logLogin
FNDA:0,logLogout
FNDA:0,logChange
DA:10,2
DA:15,2
DA:34,2
DA:43,2
DA:58,2
DA:61,6
DA:63,2
DA:65,2
DA:68,2
DA:83,2
DA:93,3
DA:95,1
DA:96,1
DA:99,2
DA:100,1
DA:101,0
DA:103,0
DA:104,0
DA:105,0
DA:110,1
DA:111,0
DA:115,1
DA:116,1
DA:119,1
DA:128,0
DA:130,0
DA:131,0
DA:133,0
DA:134,0
DA:135,0
DA:139,0
DA:148,92
DA:157,0
DA:165,10
DA:166,6
DA:170,4
DA:171,4
DA:172,3
DA:176,1
DA:179,1
DA:181,1
DA:183,1
DA:186,1
DA:189,1
DA:190,1
DA:191,1
DA:192,1
DA:193,1
DA:194,1
DA:197,1
DA:198,1
DA:199,1
DA:200,1
DA:201,1
DA:202,1
DA:205,1
DA:206,1
DA:208,1
DA:209,0
DA:210,0
DA:211,1
DA:212,0
DA:216,1
DA:239,0
DA:244,1
DA:247,1
DA:255,0
DA:256,0
DA:275,0
DA:283,0
DA:284,0
DA:302,0
DA:311,0
DA:312,0
DA:314,0
DA:331,0
DA:335,2
LF:77
LH:50
BRDA:63,0,0,0
BRDA:63,0,1,2
BRDA:83,1,0,2
BRDA:83,1,1,2
BRDA:92,2,0,0
BRDA:100,3,0,0
BRDA:100,3,1,1
BRDA:104,4,0,0
BRDA:104,4,1,0
BRDA:110,5,0,0
BRDA:110,5,1,1
BRDA:110,6,0,1
BRDA:110,6,1,1
BRDA:115,7,0,1
BRDA:115,7,1,0
BRDA:128,8,0,0
BRDA:128,8,1,0
BRDA:128,9,0,0
BRDA:128,9,1,0
BRDA:134,10,0,0
BRDA:134,10,1,0
BRDA:165,11,0,6
BRDA:165,11,1,4
BRDA:170,12,0,4
BRDA:170,12,1,4
BRDA:170,12,2,4
BRDA:170,12,3,4
BRDA:171,13,0,3
BRDA:171,13,1,1
BRDA:171,14,0,4
BRDA:171,14,1,4
BRDA:171,14,2,3
BRDA:191,15,0,1
BRDA:191,15,1,0
BRDA:192,16,0,1
BRDA:192,16,1,0
BRDA:198,17,0,0
BRDA:198,17,1,1
BRDA:199,18,0,0
BRDA:199,18,1,1
BRDA:200,19,0,1
BRDA:200,19,1,0
BRDA:201,20,0,0
BRDA:201,20,1,1
BRDA:202,21,0,0
BRDA:202,21,1,1
BRDA:208,22,0,0
BRDA:208,22,1,1
BRDA:208,23,0,1
BRDA:208,23,1,1
BRDA:209,24,0,0
BRDA:209,24,1,0
BRDA:210,25,0,0
BRDA:210,25,1,0
BRDA:211,26,0,0
BRDA:211,26,1,1
BRDA:212,27,0,0
BRDA:212,27,1,0
BRDA:217,28,0,1
BRDA:217,28,1,1
BRDA:218,29,0,1
BRDA:218,29,1,1
BRDA:219,30,0,1
BRDA:219,30,1,0
BRDA:226,31,0,1
BRDA:226,31,1,0
BRDA:229,32,0,1
BRDA:229,32,1,0
BRDA:254,33,0,0
BRDA:257,34,0,0
BRDA:257,34,1,0
BRDA:258,35,0,0
BRDA:258,35,1,0
BRDA:259,36,0,0
BRDA:259,36,1,0
BRDA:263,37,0,0
BRDA:263,37,1,0
BRDA:264,38,0,0
BRDA:264,38,1,0
BRDA:267,39,0,0
BRDA:267,39,1,0
BRDA:268,40,0,0
BRDA:268,40,1,0
BRDA:291,41,0,0
BRDA:291,41,1,0
BRDA:292,42,0,0
BRDA:292,42,1,0
BRDA:295,43,0,0
BRDA:295,43,1,0
BRDA:312,44,0,0
BRDA:312,44,1,0
BRDA:315,45,0,0
BRDA:315,45,1,0
BRDA:316,46,0,0
BRDA:316,46,1,0
BRDA:317,47,0,0
BRDA:317,47,1,0
BRDA:321,48,0,0
BRDA:321,48,1,0
BRDA:324,49,0,0
BRDA:324,49,1,0
BRDA:327,50,0,0
BRDA:327,50,1,0
BRF:103
BRH:37
end_of_record
TN:
SF:src/middleware/auth.js
FN:15,(anonymous_0)
FN:71,(anonymous_1)
FN:72,(anonymous_2)
FN:94,(anonymous_3)
FN:101,(anonymous_4)
FN:110,(anonymous_5)
FN:117,(anonymous_6)
FN:124,(anonymous_7)
FN:145,(anonymous_8)
FNF:9
FNH:0
FNDA:0,(anonymous_0)
FNDA:0,(anonymous_1)
FNDA:0,(anonymous_2)
FNDA:0,(anonymous_3)
FNDA:0,(anonymous_4)
FNDA:0,(anonymous_5)
FNDA:0,(anonymous_6)
FNDA:0,(anonymous_7)
FNDA:0,(anonymous_8)
DA:1,0
DA:2,0
DA:3,0
DA:17,0
DA:18,0
DA:21,0
DA:22,0
DA:23,0
DA:26,0
DA:27,0
DA:35,0
DA:36,0
DA:37,0
DA:38,0
DA:39,0
DA:41,0
DA:42,0
DA:49,0
DA:59,0
[...]
BRDA:328,29,1,0
BRDA:333,30,0,0
BRDA:333,30,1,0
BRDA:338,31,0,0
BRDA:338,31,1,0
BRDA:343,32,0,0
BRDA:343,32,1,0
BRDA:348,33,0,0
BRDA:348,33,1,0
BRDA:353,34,0,0
BRDA:353,34,1,0
BRDA:359,35,0,0
BRDA:359,35,1,0
BRDA:363,36,0,0
BRDA:363,36,1,0
BRDA:367,37,0,0
BRDA:367,37,1,0
BRDA:371,38,0,0
BRDA:371,38,1,0
BRDA:372,39,0,0
BRDA:372,39,1,0
BRDA:373,40,0,0
BRDA:373,40,1,0
BRDA:459,41,0,0
BRDA:459,41,1,0
BRDA:460,42,0,0
BRDA:460,42,1,0
BRDA:461,43,0,0
BRDA:461,43,1,0
BRDA:474,44,0,0
BRDA:589,45,0,0
BRDA:589,45,1,0
BRDA:589,46,0,0
BRDA:589,46,1,0
BRDA:601,47,0,0
BRDA:601,47,1,0
BRDA:609,48,0,0
BRDA:609,48,1,0
BRDA:609,49,0,0
BRDA:609,49,1,0
BRDA:621,50,0,0
BRDA:621,50,1,0
BRDA:624,51,0,0
BRDA:624,51,1,0
BRF:95
BRH:0
end_of_record
TN:
SF:src/src/models/ProspectoModel.js
FN:9,(anonymous_0)
FN:117,(anonymous_1)
FN:143,(anonymous_2)
FN:186,(anonymous_3)
FN:235,(anonymous_4)
FN:256,(anonymous_5)
FN:348,(anonymous_6)
FN:377,(anonymous_7)
FN:391,(anonymous_8)
FN:420,(anonymous_9)
FNF:10
FNH:0
FNDA:0,(anonymous_0)
FNDA:0,(anonymous_1)
FNDA:0,(anonymous_2)
FNDA:0,(anonymous_3)
FNDA:0,(anonymous_4)
FNDA:0,(anonymous_5)
FNDA:0,(anonymous_6)
FNDA:0,(anonymous_7)
FNDA:0,(anonymous_8)
FNDA:0,(anonymous_9)
DA:1,0
DA:2,0
DA:10,0
DA:11,0
DA:14,0
DA:15,0
DA:17,0
DA:18,0
DA:19,0
DA:20,0
DA:23,0
DA:24,0
DA:25,0
DA:28,0
DA:29,0
DA:30,0
DA:33,0
DA:34,0
DA:35,0
DA:38,0
DA:39,0
DA:40,0
DA:43,0
DA:46,0
DA:47,0
DA:48,0
DA:49,0
DA:52,0
DA:87,0
DA:90,0
DA:96,0
DA:98,0
DA:109,0
DA:110,0
DA:118,0
DA:119,0
DA:131,0
DA:132,0
DA:135,0
DA:136,0
DA:144,0
DA:145,0
DA:146,0
DA:148,0
DA:156,0
DA:174,0
DA:175,0
DA:178,0
DA:179,0
DA:187,0
DA:188,0
DA:206,0
DA:223,0
DA:224,0
DA:227,0
DA:228,0
DA:236,0
DA:237,0
DA:244,0
DA:245,0
DA:248,0
DA:249,0
DA:257,0
DA:259,0
DA:260,0
DA:263,0
DA:268,0
DA:269,0
DA:272,0
DA:275,0
DA:276,0
DA:278,0
DA:285,0
DA:297,0
DA:298,0
DA:303,0
DA:313,0
DA:322,0
DA:329,0
DA:331,0
DA:337,0
DA:338,0
DA:339,0
DA:341,0
DA:349,0
DA:350,0
DA:365,0
DA:366,0
DA:369,0
DA:370,0
DA:378,0
DA:379,0
DA:380,0
DA:383,0
DA:384,0
DA:392,0
DA:393,0
DA:398,0
DA:400,0
DA:401,0
DA:402,0
DA:405,0
DA:406,0
DA:408,0
DA:409,0
DA:412,0
DA:413,0
DA:421,0
DA:422,0
DA:446,0
DA:447,0
DA:450,0
DA:451,0
DA:456,0
LF:114
LH:0
BRDA:9,0,0,0
BRDA:9,1,0,0
BRDA:9,2,0,0
BRDA:9,3,0,0
BRDA:9,4,0,0
BRDA:17,5,0,0
BRDA:17,5,1,0
BRDA:17,6,0,0
BRDA:17,6,1,0
BRDA:23,7,0,0
BRDA:23,7,1,0
BRDA:23,8,0,0
BRDA:23,8,1,0
BRDA:28,9,0,0
BRDA:28,9,1,0
BRDA:28,10,0,0
BRDA:28,10,1,0
BRDA:33,11,0,0
BRDA:33,11,1,0
BRDA:38,12,0,0
BRDA:38,12,1,0
BRDA:47,13,0,0
BRDA:47,13,1,0
BRDA:48,14,0,0
BRDA:48,14,1,0
BRDA:132,15,0,0
BRDA:132,15,1,0
BRDA:158,16,0,0
BRDA:158,16,1,0
BRDA:159,17,0,0
BRDA:159,17,1,0
BRDA:160,18,0,0
BRDA:160,18,1,0
BRDA:161,19,0,0
BRDA:161,19,1,0
BRDA:162,20,0,0
BRDA:162,20,1,0
BRDA:163,21,0,0
BRDA:163,21,1,0
BRDA:164,22,0,0
BRDA:164,22,1,0
BRDA:165,23,0,0
BRDA:165,23,1,0
BRDA:166,24,0,0
BRDA:166,24,1,0
BRDA:167,25,0,0
BRDA:167,25,1,0
BRDA:168,26,0,0
BRDA:168,26,1,0
BRDA:169,27,0,0
BRDA:169,27,1,0
BRDA:207,28,0,0
BRDA:207,28,1,0
BRDA:208,29,0,0
BRDA:208,29,1,0
BRDA:209,30,0,0
BRDA:209,30,1,0
BRDA:210,31,0,0
BRDA:210,31,1,0
BRDA:211,32,0,0
BRDA:211,32,1,0
BRDA:212,33,0,0
BRDA:212,33,1,0
BRDA:213,34,0,0
BRDA:213,34,1,0
BRDA:214,35,0,0
BRDA:214,35,1,0
BRDA:215,36,0,0
BRDA:215,36,1,0
BRDA:216,37,0,0
BRDA:216,37,1,0
BRDA:217,38,0,0
BRDA:217,38,1,0
BRDA:218,39,0,0
BRDA:218,39,1,0
BRDA:268,40,0,0
BRDA:268,40,1,0
BRDA:287,41,0,0
BRDA:287,41,1,0
BRDA:288,42,0,0
BRDA:288,42,1,0
BRDA:289,43,0,0
BRDA:289,43,1,0
BRDA:290,44,0,0
BRDA:290,44,1,0
BRDA:291,45,0,0
BRDA:291,45,1,0
BRDA:297,46,0,0
BRDA:297,46,1,0
BRDA:297,47,0,0
BRDA:297,47,1,0
BRDA:377,48,0,0
BRDA:379,49,0,0
BRDA:379,50,0,0
BRDA:391,51,0,0
BRDA:400,52,0,0
BRDA:400,52,1,0
BRF:97
BRH:0
end_of_record
TN:
SF:src/src/models/ProyectoModel.js
FN:7,(anonymous_0)
FN:66,(anonymous_1)
FN:130,(anonymous_2)
FN:162,(anonymous_3)
FN:191,(anonymous_4)
FN:214,(anonymous_5)
FN:236,(anonymous_6)
FN:270,(anonymous_7)
FN:340,(anonymous_8)
FN:353,(anonymous_9)
FN:435,(anonymous_10)
FN:478,(anonymous_11)
FNF:12
FNH:0
FNDA:0,(anonymous_0)
FNDA:0,(anonymous_1)
FNDA:0,(anonymous_2)
FNDA:0,(anonymous_3)
FNDA:0,(anonymous_4)
FNDA:0,(anonymous_5)
FNDA:0,(anonymous_6)
FNDA:0,(anonymous_7)
FNDA:0,(anonymous_8)
FNDA:0,(anonymous_9)
FNDA:0,(anonymous_10)
FNDA:0,(anonymous_11)
DA:1,0
DA:8,0
DA:9,0
DA:50,0
DA:52,0
DA:67,0
DA:96,0
DA:97,0
DA:100,0
DA:103,0
DA:106,0
DA:109,0
DA:112,0
DA:115,0
DA:117,0
DA:131,0
DA:156,0
DA:163,0
DA:185,0
DA:192,0
DA:208,0
DA:217,0
DA:230,0
DA:238,0
DA:251,0
DA:261,0
DA:271,0
DA:273,0
DA:274,0
DA:277,0
DA:281,0
DA:282,0
DA:285,0
DA:286,0
DA:287,0
DA:290,0
DA:297,0
DA:322,0
DA:326,0
DA:327,0
DA:330,0
DA:331,0
DA:333,0
DA:341,0
DA:347,0
DA:354,0
DA:355,0
DA:356,0
DA:358,0
DA:359,0
DA:360,0
DA:363,0
DA:364,0
DA:365,0
DA:368,0
DA:369,0
DA:370,0
DA:373,0
DA:374,0
DA:375,0
DA:378,0
DA:379,0
DA:380,0
DA:383,0
DA:385,0
DA:414,0
DA:421,0
DA:436,0
DA:437,0
DA:466,0
DA:467,0
DA:470,0
DA:471,0
DA:479,0
DA:480,0
DA:493,0
DA:494,0
DA:497,0
DA:498,0
DA:511,0
LF:80
LH:0
BRDA:7,0,0,0
BRDA:7,1,0,0
BRDA:96,2,0,0
BRDA:96,2,1,0
BRDA:208,3,0,0
BRDA:208,3,1,0
BRDA:281,4,0,0
BRDA:281,4,1,0
BRDA:293,5,0,0
BRDA:293,5,1,0
BRDA:306,6,0,0
BRDA:306,6,1,0
BRDA:308,7,0,0
BRDA:308,7,1,0
BRDA:311,8,0,0
BRDA:311,8,1,0
BRDA:312,9,0,0
BRDA:312,9,1,0
BRDA:313,10,0,0
BRDA:313,10,1,0
BRDA:314,11,0,0
BRDA:314,11,1,0
BRDA:315,12,0,0
BRDA:315,12,1,0
BRDA:316,13,0,0
BRDA:316,13,1,0
BRDA:317,14,0,0
BRDA:317,14,1,0
BRDA:318,15,0,0
BRDA:318,15,1,0
BRDA:340,16,0,0
BRDA:353,17,0,0
BRDA:353,18,0,0
BRDA:353,19,0,0
BRDA:358,20,0,0
BRDA:358,20,1,0
BRDA:363,21,0,0
BRDA:363,21,1,0
BRDA:368,22,0,0
BRDA:368,22,1,0
BRDA:373,23,0,0
BRDA:373,23,1,0
BRDA:378,24,0,0
BRDA:378,24,1,0
BRDA:435,25,0,0
BRF:45
BRH:0
end_of_record
TN:
SF:src/src/public/js/main.js
FN:2,mostrarNotificacion
FN:31,(anonymous_1)
FN:33,(anonymous_2)
FN:40,formatearFecha
FN:55,formatearMoneda
FN:66,(anonymous_5)
FN:69,(anonymous_6)
FN:74,(anonymous_7)
FN:76,(anonymous_8)
FN:81,(anonymous_9)
FN:123,(anonymous_10)
FN:145,(anonymous_11)
FN:146,(anonymous_12)
FNF:13
FNH:0
FNDA:0,mostrarNotificacion
FNDA:0,(anonymous_1)
FNDA:0,(anonymous_2)
FNDA:0,formatearFecha
FNDA:0,formatearMoneda
FNDA:0,(anonymous_5)
FNDA:0,(anonymous_6)
FNDA:0,(anonymous_7)
FNDA:0,(anonymous_8)
FNDA:0,(anonymous_9)
FNDA:0,(anonymous_10)
FNDA:0,(anonymous_11)
FNDA:0,(anonymous_12)
DA:4,0
DA:5,0
DA:6,0
DA:7,0
DA:8,0
DA:9,0
DA:10,0
DA:11,0
DA:12,0
DA:16,0
DA:17,0
DA:18,0
DA:19,0
DA:20,0
DA:22,0
DA:28,0
DA:31,0
DA:32,0
DA:33,0
DA:34,0
DA:41,0
DA:43,0
DA:51,0
DA:56,0
DA:58,0
DA:66,0
DA:68,0
DA:69,0
DA:70,0
DA:74,0
DA:76,0
DA:77,0
DA:81,0
DA:82,0
DA:83,0
DA:84,0
DA:85,0
DA:88,0
DA:90,0
DA:91,0
DA:99,0
DA:101,0
DA:102,0
DA:105,0
DA:108,0
DA:109,0
DA:112,0
DA:115,0
DA:116,0
DA:118,0
DA:123,0
DA:124,0
DA:126,0
DA:133,0
DA:137,0
DA:138,0
DA:145,0
DA:146,0
DA:147,0
DA:148,0
DA:149,0
DA:152,0
DA:154,0
DA:155,0
DA:166,0
DA:168,0
DA:169,0
DA:171,0
DA:173,0
DA:176,0
DA:177,0
DA:179,0
DA:185,0
DA:186,0
LF:74
LH:0
BRDA:2,0,0,0
BRDA:5,1,0,0
BRDA:5,1,1,0
BRDA:41,2,0,0
BRDA:41,2,1,0
BRDA:56,3,0,0
BRDA:56,3,1,0
BRDA:56,4,0,0
BRDA:56,4,1,0
BRDA:82,5,0,0
BRDA:82,5,1,0
BRDA:88,6,0,0
BRDA:88,6,1,0
BRDA:101,7,0,0
BRDA:101,7,1,0
BRDA:108,8,0,0
BRDA:108,8,1,0
BRDA:108,9,0,0
BRDA:108,9,1,0
BRDA:108,9,2,0
BRDA:112,10,0,0
BRDA:112,10,1,0
BRDA:116,11,0,0
BRDA:116,11,1,0
BRDA:124,12,0,0
BRDA:124,12,1,0
BRDA:126,13,0,0
BRDA:126,13,1,0
BRDA:127,14,0,0
BRDA:127,14,1,0
BRDA:127,14,2,0
BRDA:127,14,3,0
BRDA:127,14,4,0
BRDA:127,14,5,0
BRDA:127,14,6,0
BRDA:127,14,7,0
BRDA:127,14,8,0
BRDA:127,14,9,0
BRDA:127,14,10,0
BRDA:127,14,11,0
BRDA:137,15,0,0
BRDA:137,15,1,0
BRDA:137,16,0,0
BRDA:137,16,1,0
BRDA:137,16,2,0
BRDA:137,16,3,0
BRDA:137,16,4,0
BRDA:152,17,0,0
BRDA:152,17,1,0
BRDA:168,18,0,0
BRDA:168,18,1,0
BRDA:173,19,0,0
BRDA:173,19,1,0
BRDA:177,20,0,0
BRDA:177,20,1,0
BRDA:185,21,0,0
BRDA:185,21,1,0
BRDA:185,22,0,0
BRDA:185,22,1,0
BRF:59
BRH:0
end_of_record
TN:
SF:src/src/routes/auth.js
FN:21,(anonymous_0)
FNF:1
FNH:0
FNDA:0,(anonymous_0)
DA:1,0
DA:2,0
DA:3,0
DA:4,0
DA:8,0
DA:16,0
DA:21,0
DA:22,0
DA:24,0
DA:26,0
DA:27,0
DA:28,0
DA:30,0
DA:40,0
DA:41,0
DA:49,0
DA:50,0
DA:51,0
DA:60,0
DA:66,0
DA:78,0
DA:79,0
DA:88,0
LF:23
LH:0
BRDA:8,0,0,0
BRDA:8,0,1,0
BRDA:16,1,0,0
BRDA:16,1,1,0
BRDA:26,2,0,0
BRDA:26,2,1,0
BRDA:27,3,0,0
BRDA:27,3,1,0
BRDA:33,4,0,0
BRDA:33,4,1,0
BRDA:40,5,0,0
BRDA:40,5,1,0
BRDA:50,6,0,0
BRDA:50,6,1,0
BRF:14
BRH:0
end_of_record
TN:
SF:src/src/routes/certificados.js
FNF:0
FNH:0
DA:1,0
DA:2,0
DA:3,0
DA:10,0
DA:13,0
DA:16,0
DA:19,0
DA:22,0
DA:23,0
DA:24,0
DA:25,0
DA:28,0
DA:29,0
DA:32,0
DA:33,0
DA:36,0
DA:39,0
DA:42,0
DA:45,0
DA:47,0
LF:20
LH:0
BRF:0
BRH:0
end_of_record
TN:
SF:src/src/routes/clientes.js
FN:46,(anonymous_0)
FNF:1
FNH:0
FNDA:0,(anonymous_0)
DA:1,0
DA:2,0
DA:3,0
DA:6,0
DA:7,0
DA:10,0
DA:13,0
DA:14,0
DA:30,0
DA:33,0
DA:36,0
DA:39,0
DA:42,0
DA:43,0
DA:46,0
DA:47,0
DA:48,0
DA:51,0
DA:52,0
DA:55,0
DA:59,0
DA:60,0
DA:61,0
DA:62,0
DA:65,0
DA:66,0
DA:78,0
LF:27
LH:0
BRDA:48,0,0,0
BRDA:48,0,1,0
BRDA:48,0,2,0
BRDA:48,0,3,0
BRF:4
BRH:0
end_of_record
TN:
SF:src/src/routes/clientes.routes.js
FNF:0
FNH:0
DA:1,0
DA:2,0
DA:3,0
DA:4,0
DA:5,0
DA:8,0
DA:11,0
DA:12,0
DA:15,0
DA:16,0
DA:17,0
DA:18,0
DA:20,0
LF:13
LH:0
BRF:0
BRH:0
end_of_record
TN:
SF:src/src/routes/dashboard.js
FNF:0
FNH:0
DA:1,0
DA:2,0
DA:3,0
DA:10,0
DA:13,0
DA:14,0
DA:16,0
LF:7
LH:0
BRF:0
BRH:0
end_of_record
TN:
SF:src/src/routes/facturas-backup.js
FN:6,(anonymous_0)
FN:31,(anonymous_1)
FN:72,(anonymous_2)
FN:100,(anonymous_3)
FN:114,(anonymous_4)
FN:128,(anonymous_5)
FN:142,(anonymous_6)
FN:156,(anonymous_7)
FNF:8
FNH:0
FNDA:0,(anonymous_0)
FNDA:0,(anonymous_1)
FNDA:0,(anonymous_2)
FNDA:0,(anonymous_3)
FNDA:0,(anonymous_4)
FNDA:0,(anonymous_5)
FNDA:0,(anonymous_6)
FNDA:0,(anonymous_7)
DA:1,0
DA:2,0
DA:3,0
DA:6,0
DA:7,0
DA:8,0
DA:16,0
DA:21,0
DA:26,0
DA:31,0
DA:32,0
DA:33,0
DA:34,0
DA:37,0
DA:38,0
DA:42,0
DA:43,0
DA:45,0
DA:56,0
DA:57,0
DA:67,0
DA:72,0
DA:73,0
DA:74,0
DA:75,0
DA:77,0
DA:78,0
DA:84,0
DA:89,0
DA:90,0
DA:100,0
DA:101,0
DA:102,0
DA:103,0
DA:104,0
DA:106,0
DA:107,0
DA:114,0
DA:115,0
DA:116,0
DA:117,0
DA:118,0
DA:120,0
DA:121,0
DA:128,0
DA:129,0
DA:130,0
DA:131,0
DA:132,0
DA:134,0
DA:135,0
DA:142,0
DA:143,0
DA:144,0
DA:145,0
DA:146,0
DA:148,0
DA:149,0
DA:156,0
DA:157,0
DA:158,0
DA:159,0
DA:161,0
DA:162,0
DA:172,0
DA:179,0
DA:184,0
DA:189,0
DA:196,0
DA:201,0
DA:206,0
DA:211,0
DA:216,0
DA:218,0
LF:74
LH:0
BRDA:7,0,0,0
BRDA:7,0,1,0
BRDA:37,1,0,0
BRDA:37,1,1,0
BRDA:51,2,0,0
BRDA:51,2,1,0
BRDA:52,3,0,0
BRDA:52,3,1,0
BRDA:53,4,0,0
BRDA:53,4,1,0
BRDA:77,5,0,0
BRDA:77,5,1,0
BRF:12
BRH:0
end_of_record
TN:
SF:src/src/routes/facturas.js
FNF:0
FNH:0
DA:1,0
DA:2,0
DA:3,0
DA:6,0
DA:7,0
DA:8,0
DA:9,0
DA:16,0
DA:19,0
DA:20,0
DA:21,0
DA:22,0
DA:23,0
DA:26,0
DA:27,0
DA:28,0
DA:29,0
DA:30,0
DA:31,0
DA:34,0
DA:35,0
DA:36,0
DA:39,0
DA:42,0
DA:43,0
DA:44,0
DA:47,0
DA:50,0
DA:53,0
DA:54,0
DA:55,0
DA:56,0
DA:57,0
DA:58,0
DA:61,0
DA:64,0
DA:67,0
DA:70,0
DA:73,0
DA:76,0
DA:78,0
LF:41
LH:0
BRF:0
BRH:0
end_of_record
TN:
SF:src/src/routes/facturas.routes.js
FNF:0
FNH:0
DA:1,0
DA:2,0
DA:3,0
DA:4,0
DA:5,0
DA:8,0
DA:11,0
DA:12,0
DA:13,0
DA:14,0
DA:16,0
LF:11
LH:0
BRF:0
BRH:0
end_of_record
TN:
SF:src/src/routes/health.routes.js
FN:5,(anonymous_0)
FN:58,(anonymous_1)
FN:88,(anonymous_2)
FN:101,(anonymous_3)
FN:102,(anonymous_4)
FNF:5
FNH:0
FNDA:0,(anonymous_0)
FNDA:0,(anonymous_1)
FNDA:0,(anonymous_2)
FNDA:0,(anonymous_3)
FNDA:0,(anonymous_4)
DA:1,0
DA:2,0
DA:3,0
DA:5,0
DA:6,0
DA:7,0
DA:8,0
DA:11,0
DA:16,0
DA:36,0
DA:40,0
DA:41,0
DA:42,0
DA:44,0
DA:45,0
DA:47,0
DA:48,0
DA:50,0
DA:51,0
DA:55,0
DA:58,0
DA:59,0
DA:61,0
DA:62,0
DA:65,0
DA:67,0
DA:68,0
DA:70,0
DA:78,0
DA:88,0
DA:89,0
DA:90,0
DA:92,0
DA:94,0
DA:95,0
DA:96,0
DA:97,0
DA:100,0
DA:101,0
DA:102,0
DA:103,0
DA:104,0
DA:109,0
DA:110,0
DA:117,0
DA:118,0
DA:120,0
DA:165,0
DA:175,0
LF:49
LH:0
BRDA:18,0,0,0
BRDA:18,0,1,0
BRDA:36,1,0,0
BRDA:36,1,1,0
BRDA:36,1,2,0
BRDA:40,2,0,0
BRDA:40,2,1,0
BRDA:44,3,0,0
BRDA:44,3,1,0
BRDA:47,4,0,0
BRDA:47,4,1,0
BRDA:50,5,0,0
BRDA:50,5,1,0
BRDA:100,6,0,0
BRDA:100,6,1,0
BRDA:103,7,0,0
BRDA:103,7,1,0
BRF:17
BRH:0
end_of_record
TN:
SF:src/src/routes/index.js
FN:39,(anonymous_0)
FNF:1
FNH:0
FNDA:0,(anonymous_0)
DA:1,0
DA:2,0
DA:5,0
DA:6,0
DA:7,0
DA:8,0
DA:9,0
DA:12,0
DA:13,0
DA:14,0
DA:17,0
DA:20,0
DA:21,0
DA:22,0
DA:25,0
DA:26,0
DA:27,0
DA:30,0
DA:33,0
DA:34,0
DA:35,0
DA:36,0
DA:39,0
DA:40,0
DA:48,0
DA:49,0
DA:51,0
LF:27
LH:0
BRF:0
BRH:0
end_of_record
TN:
SF:src/src/routes/leads.js
FNF:0
FNH:0
DA:1,0
DA:2,0
DA:3,0
DA:10,0
DA:13,0
DA:16,0
DA:19,0
DA:22,0
DA:25,0
DA:26,0
DA:27,0
DA:28,0
DA:31,0
DA:34,0
DA:35,0
DA:38,0
DA:41,0
DA:44,0
DA:46,0
LF:19
LH:0
BRF:0
BRH:0
end_of_record
TN:
SF:src/src/routes/modulos-basicos.js
FN:9,(anonymous_0)
FN:10,(anonymous_1)
FNF:2
FNH:0
FNDA:0,(anonymous_0)
FNDA:0,(anonymous_1)
DA:1,0
DA:2,0
DA:9,0
DA:10,0
DA:11,0
DA:24,0
DA:31,0
DA:38,0
DA:44,0
DA:50,0
DA:56,0
DA:63,0
DA:69,0
LF:13
LH:0
BRDA:9,0,0,0
BRF:1
BRH:0
end_of_record
TN:
SF:src/src/routes/presupuestos.js
FN:99,(anonymous_0)
FNF:1
FNH:0
FNDA:0,(anonymous_0)
DA:1,0
DA:2,0
DA:3,0
DA:4,0
DA:7,0
DA:8,0
DA:9,0
DA:10,0
DA:11,0
DA:16,0
DA:45,0
DA:52,0
DA:59,0
DA:99,0
DA:100,0
DA:101,0
DA:102,0
DA:103,0
DA:109,0
DA:110,0
DA:111,0
DA:114,0
DA:122,0
DA:127,0
DA:134,0
DA:135,0
DA:140,0
DA:147,0
DA:152,0
DA:159,0
DA:164,0
DA:169,0
DA:176,0
DA:183,0
DA:188,0
DA:193,0
DA:198,0
DA:205,0
DA:212,0
DA:217,0
DA:219,0
LF:41
LH:0
BRDA:101,0,0,0
BRDA:101,0,1,0
BRDA:102,1,0,0
BRDA:102,1,1,0
BRDA:102,2,0,0
BRDA:102,2,1,0
BRF:6
BRH:0
end_of_record
TN:
SF:src/src/routes/presupuestos.routes.js
FNF:0
FNH:0
DA:1,0
DA:2,0
DA:3,0
DA:4,0
DA:5,0
DA:8,0
DA:11,0
DA:12,0
DA:13,0
DA:14,0
DA:16,0
LF:11
LH:0
BRF:0
BRH:0
end_of_record
TN:
SF:src/src/routes/prospectos.js
FNF:0
FNH:0
DA:1,0
DA:2,0
DA:3,0
DA:10,0
DA:13,0
DA:16,0
DA:17,0
DA:20,0
DA:23,0
DA:30,0
DA:31,0
DA:34,0
DA:37,0
DA:44,0
DA:47,0
DA:50,0
DA:53,0
DA:60,0
DA:62,0
LF:19
LH:0
BRF:0
BRH:0
end_of_record
TN:
SF:src/src/routes/proyectos.js
FNF:0
FNH:0
DA:1,0
DA:2,0
DA:3,0
DA:10,0
DA:13,0
DA:16,0
DA:19,0
DA:22,0
DA:23,0
DA:24,0
DA:25,0
DA:28,0
DA:31,0
DA:32,0
DA:35,0
DA:36,0
DA:39,0
DA:41,0
LF:18
LH:0
BRF:0
BRH:0
end_of_record
TN:
SF:src/src/routes/api/clientes.js
FNF:0
FNH:0
DA:1,0
DA:2,0
DA:9,0
DA:10,0
DA:13,0
DA:14,0
DA:15,0
DA:16,0
DA:17,0
DA:19,0
LF:10
LH:0
BRF:0
BRH:0
end_of_record
TN:
SF:src/src/services/afip.js
FN:10,(anonymous_0)
FN:24,(anonymous_1)
FN:49,(anonymous_2)
FN:68,(anonymous_3)
FN:69,(anonymous_4)
FN:106,(anonymous_5)
FN:107,(anonymous_6)
FN:142,(anonymous_7)
FN:144,(anonymous_8)
FN:145,(anonymous_9)
FN:173,(anonymous_10)
FN:181,(anonymous_11)
FN:198,(anonymous_12)
FN:232,(anonymous_13)
FN:304,(anonymous_14)
FN:305,(anonymous_15)
FN:318,(anonymous_16)
FN:320,(anonymous_17)
FN:321,(anonymous_18)
FN:333,(anonymous_19)
FN:350,(anonymous_20)
FN:369,(anonymous_21)
FNF:22
FNH:0
FNDA:0,(anonymous_0)
FNDA:0,(anonymous_1)
FNDA:0,(anonymous_2)
FNDA:0,(anonymous_3)
FNDA:0,(anonymous_4)
FNDA:0,(anonymous_5)
FNDA:0,(anonymous_6)
FNDA:0,(anonymous_7)
FNDA:0,(anonymous_8)
FNDA:0,(anonymous_9)
FNDA:0,(anonymous_10)
FNDA:0,(anonymous_11)
FNDA:0,(anonymous_12)
FNDA:0,(anonymous_13)
FNDA:0,(anonymous_14)
FNDA:0,(anonymous_15)
FNDA:0,(anonymous_16)
FNDA:0,(anonymous_17)
FNDA:0,(anonymous_18)
FNDA:0,(anonymous_19)
FNDA:0,(anonymous_20)
FNDA:0,(anonymous_21)
DA:1,0
DA:2,0
DA:3,0
DA:11,0
DA:12,0
DA:13,0
DA:14,0
DA:15,0
DA:16,0
DA:17,0
DA:18,0
DA:25,0
DA:27,0
DA:28,0
DA:31,0
DA:32,0
DA:33,0
DA:35,0
DA:36,0
DA:37,0
DA:39,0
DA:41,0
DA:42,0
DA:50,0
DA:51,0
DA:52,0
DA:54,0
DA:69,0
DA:70,0
DA:72,0
DA:73,0
DA:74,0
DA:76,0
DA:77,0
DA:81,0
DA:82,0
DA:83,0
DA:84,0
DA:87,0
DA:88,0
DA:90,0
DA:91,0
DA:92,0
DA:94,0
DA:95,0
DA:97,0
DA:98,0
DA:107,0
DA:109,0
DA:110,0
DA:111,0
DA:115,0
DA:118,0
DA:129,0
DA:142,0
DA:143,0
DA:144,0
DA:145,0
DA:146,0
DA:148,0
DA:149,0
DA:151,0
DA:152,0
DA:157,0
DA:158,0
DA:164,0
DA:165,0
DA:173,0
DA:174,0
DA:175,0
DA:181,0
DA:182,0
DA:183,0
DA:184,0
DA:190,0
DA:191,0
DA:199,0
DA:200,0
DA:203,0
DA:204,0
DA:205,0
DA:213,0
DA:214,0
DA:216,0
DA:218,0
DA:220,0
DA:248,0
DA:250,0
DA:305,0
DA:306,0
DA:318,0
DA:319,0
DA:320,0
DA:321,0
DA:324,0
DA:325,0
DA:326,0
DA:334,0
DA:336,0
DA:337,0
DA:338,0
DA:340,0
DA:348,0
DA:349,0
DA:350,0
DA:351,0
DA:352,0
DA:353,0
DA:360,0
DA:362,0
DA:370,0
DA:371,0
DA:374,0
DA:375,0
DA:376,0
DA:379,0
DA:396,0
DA:397,0
DA:399,0
DA:401,0
DA:403,0
DA:408,0
LF:122
LH:0
BRDA:11,0,0,0
BRDA:11,0,1,0
BRDA:12,1,0,0
BRDA:12,1,1,0
BRDA:27,2,0,0
BRDA:27,2,1,0
BRDA:27,3,0,0
BRDA:27,3,1,0
BRDA:27,3,2,0
BRDA:73,4,0,0
BRDA:73,4,1,0
BRDA:73,5,0,0
BRDA:73,5,1,0
BRDA:81,6,0,0
BRDA:81,6,1,0
BRDA:81,7,0,0
BRDA:81,7,1,0
BRDA:109,8,0,0
BRDA:109,8,1,0
BRDA:151,9,0,0
BRDA:151,9,1,0
BRDA:151,10,0,0
BRDA:151,10,1,0
BRDA:203,11,0,0
BRDA:203,11,1,0
BRDA:341,12,0,0
BRDA:341,12,1,0
BRDA:342,13,0,0
BRDA:342,13,1,0
BRDA:343,14,0,0
BRDA:343,14,1,0
BRDA:349,15,0,0
BRDA:349,15,1,0
BRDA:354,16,0,0
BRDA:354,16,1,0
BRDA:355,17,0,0
BRDA:355,17,1,0
BRDA:374,18,0,0
BRDA:374,18,1,0
BRDA:399,19,0,0
BRDA:399,19,1,0
BRF:41
BRH:0
end_of_record
TN:
SF:src/src/utils/cache.js
FN:7,(anonymous_0)
FN:15,(anonymous_1)
FN:25,(anonymous_2)
FN:43,(anonymous_3)
FN:59,(anonymous_4)
FN:67,(anonymous_5)
FN:74,(anonymous_6)
FN:80,(anonymous_7)
FN:81,(anonymous_8)
FN:89,(anonymous_9)
FN:106,(anonymous_10)
FN:129,(anonymous_11)
FNF:12
FNH:0
FNDA:0,(anonymous_0)
FNDA:0,(anonymous_1)
FNDA:0,(anonymous_2)
FNDA:0,(anonymous_3)
FNDA:0,(anonymous_4)
FNDA:0,(anonymous_5)
FNDA:0,(anonymous_6)
FNDA:0,(anonymous_7)
FNDA:0,(anonymous_8)
FNDA:0,(anonymous_9)
FNDA:0,(anonymous_10)
FNDA:0,(anonymous_11)
DA:8,0
DA:9,0
DA:16,0
DA:19,0
DA:26,0
DA:27,0
DA:29,0
DA:32,0
DA:33,0
DA:34,0
DA:37,0
DA:44,0
DA:45,0
DA:47,0
DA:53,0
DA:60,0
DA:61,0
DA:68,0
DA:75,0
DA:76,0
DA:78,0
DA:80,0
DA:81,0
DA:90,0
DA:91,0
DA:93,0
DA:94,0
DA:95,0
DA:96,0
DA:100,0
DA:108,0
DA:109,0
DA:110,0
DA:113,0
DA:115,0
DA:116,0
DA:119,0
DA:125,0
DA:128,0
DA:129,0
DA:130,0
DA:131,0
DA:132,0
DA:136,0
LF:44
LH:0
BRDA:15,0,0,0
BRDA:16,1,0,0
BRDA:16,1,1,0
BRDA:25,2,0,0
BRDA:29,3,0,0
BRDA:29,3,1,0
BRDA:32,4,0,0
BRDA:32,4,1,0
BRDA:43,5,0,0
BRDA:43,6,0,0
BRDA:45,7,0,0
BRDA:45,7,1,0
BRDA:59,8,0,0
BRDA:94,9,0,0
BRDA:94,9,1,0
BRDA:106,10,0,0
BRDA:106,11,0,0
BRDA:109,12,0,0
BRDA:109,12,1,0
BRDA:131,13,0,0
BRDA:131,13,1,0
BRDA:131,14,0,0
BRDA:131,14,1,0
BRF:23
BRH:0
end_of_record
TN:
SF:src/src/utils/errors.js
FN:2,(anonymous_0)
FNF:1
FNH:0
FNDA:0,(anonymous_0)
DA:3,0
DA:4,0
DA:5,0
DA:6,0
DA:7,0
DA:9,0
DA:13,0
LF:7
LH:0
BRDA:2,0,0,0
BRDA:2,1,0,0
BRDA:5,2,0,0
BRDA:5,2,1,0
BRF:4
BRH:0
end_of_record
TN:
SF:src/utils/cache.js
FN:7,(anonymous_0)
FN:15,(anonymous_1)
FN:25,(anonymous_2)
FN:43,(anonymous_3)
FN:59,(anonymous_4)
FN:67,(anonymous_5)
FN:74,(anonymous_6)
FN:80,(anonymous_7)
FN:81,(anonymous_8)
FN:89,(anonymous_9)
FN:106,(anonymous_10)
FN:129,(anonymous_11)
FNF:12
FNH:1
FNDA:2,(anonymous_0)
FNDA:0,(anonymous_1)
FNDA:0,(anonymous_2)
FNDA:0,(anonymous_3)
FNDA:0,(anonymous_4)
FNDA:0,(anonymous_5)
FNDA:0,(anonymous_6)
FNDA:0,(anonymous_7)
FNDA:0,(anonymous_8)
FNDA:0,(anonymous_9)
FNDA:0,(anonymous_10)
FNDA:0,(anonymous_11)
DA:8,2
DA:9,2
DA:16,0
DA:19,0
DA:26,0
DA:27,0
DA:29,0
DA:32,0
DA:33,0
DA:34,0
DA:37,0
DA:44,0
DA:45,0
DA:47,0
DA:53,0
DA:60,0
DA:61,0
DA:68,0
DA:75,0
DA:76,0
DA:78,0
DA:80,0
DA:81,0
DA:90,0
DA:91,0
DA:93,0
DA:94,0
DA:95,0
DA:96,0
DA:100,0
DA:108,0
DA:109,0
DA:110,0
DA:113,0
DA:115,0
DA:116,0
DA:119,0
DA:125,2
DA:128,2
DA:129,2
DA:130,0
DA:131,0
DA:132,0
DA:136,2
LF:44
LH:6
BRDA:15,0,0,0
BRDA:16,1,0,0
BRDA:16,1,1,0
BRDA:25,2,0,0
BRDA:29,3,0,0
BRDA:29,3,1,0
BRDA:32,4,0,0
BRDA:32,4,1,0
BRDA:43,5,0,0
BRDA:43,6,0,0
BRDA:45,7,0,0
BRDA:45,7,1,0
BRDA:59,8,0,0
BRDA:94,9,0,0
BRDA:94,9,1,0
BRDA:106,10,0,0
BRDA:106,11,0,0
BRDA:109,12,0,0
BRDA:109,12,1,0
BRDA:131,13,0,0
BRDA:131,13,1,0
BRDA:131,14,0,0
BRDA:131,14,1,0
BRF:23
BRH:0
end_of_record
TN:
SF:src/utils/errors.js
FN:2,(anonymous_0)
FNF:1
FNH:0
FNDA:0,(anonymous_0)
DA:3,0
DA:4,0
DA:5,0
DA:6,0
DA:7,0
DA:9,0
DA:13,2
LF:7
LH:1
BRDA:2,0,0,0
BRDA:2,1,0,0
BRDA:5,2,0,0
BRDA:5,2,1,0
BRF:4
BRH:0
end_of_record
